[0.008s] Invoking command in '/home/ksr/agv_ws/build/agv_description': CMAKE_PREFIX_PATH=/opt/ros/humble /usr/bin/cmake --build /home/ksr/agv_ws/build/agv_description -- -j12 -l12
[0.160s] Invoked command in '/home/ksr/agv_ws/build/agv_description' returned '0': CMAKE_PREFIX_PATH=/opt/ros/humble /usr/bin/cmake --build /home/ksr/agv_ws/build/agv_description -- -j12 -l12
[0.166s] Invoking command in '/home/ksr/agv_ws/build/agv_description': CMAKE_PREFIX_PATH=/opt/ros/humble /usr/bin/cmake --install /home/ksr/agv_ws/build/agv_description
[0.170s] -- Install configuration: ""
[0.170s] -- Up-to-date: /home/ksr/agv_ws/install/agv_description/share/agv_description/meshes
[0.170s] -- Up-to-date: /home/ksr/agv_ws/install/agv_description/share/agv_description/meshes/wheel_right_link.dae
[0.170s] -- Up-to-date: /home/ksr/agv_ws/install/agv_description/share/agv_description/meshes/base_link.dae
[0.170s] -- Up-to-date: /home/ksr/agv_ws/install/agv_description/share/agv_description/meshes/camera_link.dae
[0.170s] -- Up-to-date: /home/ksr/agv_ws/install/agv_description/share/agv_description/meshes/base_link.stl
[0.170s] -- Up-to-date: /home/ksr/agv_ws/install/agv_description/share/agv_description/meshes/wheel_left_link.dae
[0.170s] -- Up-to-date: /home/ksr/agv_ws/install/agv_description/share/agv_description/meshes/imu_link.dae
[0.170s] -- Up-to-date: /home/ksr/agv_ws/install/agv_description/share/agv_description/meshes/lidar_link.dae
[0.170s] -- Up-to-date: /home/ksr/agv_ws/install/agv_description/share/agv_description/meshes/caster_link.dae
[0.170s] -- Up-to-date: /home/ksr/agv_ws/install/agv_description/share/agv_description/urdf
[0.170s] -- Up-to-date: /home/ksr/agv_ws/install/agv_description/share/agv_description/urdf/agv.urdf.xacro
[0.170s] -- Up-to-date: /home/ksr/agv_ws/install/agv_description/share/ament_index/resource_index/package_run_dependencies/agv_description
[0.171s] -- Up-to-date: /home/ksr/agv_ws/install/agv_description/share/ament_index/resource_index/parent_prefix_path/agv_description
[0.171s] -- Up-to-date: /home/ksr/agv_ws/install/agv_description/share/agv_description/environment/ament_prefix_path.sh
[0.171s] -- Up-to-date: /home/ksr/agv_ws/install/agv_description/share/agv_description/environment/ament_prefix_path.dsv
[0.171s] -- Up-to-date: /home/ksr/agv_ws/install/agv_description/share/agv_description/environment/path.sh
[0.171s] -- Up-to-date: /home/ksr/agv_ws/install/agv_description/share/agv_description/environment/path.dsv
[0.171s] -- Up-to-date: /home/ksr/agv_ws/install/agv_description/share/agv_description/local_setup.bash
[0.171s] -- Up-to-date: /home/ksr/agv_ws/install/agv_description/share/agv_description/local_setup.sh
[0.171s] -- Up-to-date: /home/ksr/agv_ws/install/agv_description/share/agv_description/local_setup.zsh
[0.171s] -- Up-to-date: /home/ksr/agv_ws/install/agv_description/share/agv_description/local_setup.dsv
[0.171s] -- Installing: /home/ksr/agv_ws/install/agv_description/share/agv_description/package.dsv
[0.171s] -- Up-to-date: /home/ksr/agv_ws/install/agv_description/share/ament_index/resource_index/packages/agv_description
[0.171s] -- Up-to-date: /home/ksr/agv_ws/install/agv_description/share/agv_description/cmake/agv_descriptionConfig.cmake
[0.171s] -- Up-to-date: /home/ksr/agv_ws/install/agv_description/share/agv_description/cmake/agv_descriptionConfig-version.cmake
[0.171s] -- Up-to-date: /home/ksr/agv_ws/install/agv_description/share/agv_description/package.xml
[0.181s] Invoked command in '/home/ksr/agv_ws/build/agv_description' returned '0': CMAKE_PREFIX_PATH=/opt/ros/humble /usr/bin/cmake --install /home/ksr/agv_ws/build/agv_description
