[0.074s] DEBUG:colcon:Command line arguments: ['/usr/bin/colcon', 'build']
[0.074s] DEBUG:colcon:Parsed command line arguments: Namespace(log_base=None, log_level=None, verb_name='build', build_base='build', install_base='install', merge_install=False, symlink_install=False, test_result_base=None, continue_on_error=False, executor='parallel', parallel_workers=12, event_handlers=None, ignore_user_meta=False, metas=['./colcon.meta'], base_paths=['.'], packages_ignore=None, packages_ignore_regex=None, paths=None, packages_up_to=None, packages_up_to_regex=None, packages_above=None, packages_above_and_dependencies=None, packages_above_depth=None, packages_select_by_dep=None, packages_skip_by_dep=None, packages_skip_up_to=None, packages_select_build_failed=False, packages_skip_build_finished=False, packages_select_test_failures=False, packages_skip_test_passed=False, packages_select=None, packages_skip=None, packages_select_regex=None, packages_skip_regex=None, packages_start=None, packages_end=None, allow_overriding=[], cmake_args=None, cmake_target=None, cmake_target_skip_unavailable=False, cmake_clean_cache=False, cmake_clean_first=False, cmake_force_configure=False, ament_cmake_args=None, catkin_cmake_args=None, catkin_skip_building_tests=False, mixin_files=None, mixin=None, verb_parser=<colcon_mixin.mixin.mixin_argument.MixinArgumentDecorator object at 0x78129a66a530>, verb_extension=<colcon_core.verb.build.BuildVerb object at 0x78129a669b40>, main=<bound method BuildVerb.main of <colcon_core.verb.build.BuildVerb object at 0x78129a669b40>>, mixin_verb=('build',))
[0.186s] Level 1:colcon.colcon_core.package_discovery:discover_packages(colcon_meta) check parameters
[0.186s] Level 1:colcon.colcon_core.package_discovery:discover_packages(recursive) check parameters
[0.186s] Level 1:colcon.colcon_core.package_discovery:discover_packages(ignore) check parameters
[0.186s] Level 1:colcon.colcon_core.package_discovery:discover_packages(path) check parameters
[0.186s] Level 1:colcon.colcon_core.package_discovery:discover_packages(colcon_meta) discover
[0.186s] Level 1:colcon.colcon_core.package_discovery:discover_packages(recursive) discover
[0.186s] INFO:colcon.colcon_core.package_discovery:Crawling recursively for packages in '/home/ksr/agv_ws'
[0.186s] Level 1:colcon.colcon_core.package_identification:_identify(.) by extensions ['ignore', 'ignore_ament_install']
[0.186s] Level 1:colcon.colcon_core.package_identification:_identify(.) by extension 'ignore'
[0.187s] Level 1:colcon.colcon_core.package_identification:_identify(.) by extension 'ignore_ament_install'
[0.187s] Level 1:colcon.colcon_core.package_identification:_identify(.) by extensions ['colcon_pkg']
[0.187s] Level 1:colcon.colcon_core.package_identification:_identify(.) by extension 'colcon_pkg'
[0.187s] Level 1:colcon.colcon_core.package_identification:_identify(.) by extensions ['colcon_meta']
[0.187s] Level 1:colcon.colcon_core.package_identification:_identify(.) by extension 'colcon_meta'
[0.187s] Level 1:colcon.colcon_core.package_identification:_identify(.) by extensions ['ros']
[0.187s] Level 1:colcon.colcon_core.package_identification:_identify(.) by extension 'ros'
[0.196s] Level 1:colcon.colcon_core.package_identification:_identify(.) by extensions ['cmake', 'python']
[0.196s] Level 1:colcon.colcon_core.package_identification:_identify(.) by extension 'cmake'
[0.196s] Level 1:colcon.colcon_core.package_identification:_identify(.) by extension 'python'
[0.196s] Level 1:colcon.colcon_core.package_identification:_identify(.) by extensions ['python_setup_py']
[0.196s] Level 1:colcon.colcon_core.package_identification:_identify(.) by extension 'python_setup_py'
[0.196s] Level 1:colcon.colcon_core.package_identification:_identify(build) by extensions ['ignore', 'ignore_ament_install']
[0.196s] Level 1:colcon.colcon_core.package_identification:_identify(build) by extension 'ignore'
[0.196s] Level 1:colcon.colcon_core.package_identification:_identify(build) ignored
[0.196s] Level 1:colcon.colcon_core.package_identification:_identify(install) by extensions ['ignore', 'ignore_ament_install']
[0.196s] Level 1:colcon.colcon_core.package_identification:_identify(install) by extension 'ignore'
[0.196s] Level 1:colcon.colcon_core.package_identification:_identify(install) ignored
[0.196s] Level 1:colcon.colcon_core.package_identification:_identify(log) by extensions ['ignore', 'ignore_ament_install']
[0.197s] Level 1:colcon.colcon_core.package_identification:_identify(log) by extension 'ignore'
[0.197s] Level 1:colcon.colcon_core.package_identification:_identify(log) ignored
[0.197s] Level 1:colcon.colcon_core.package_identification:_identify(src) by extensions ['ignore', 'ignore_ament_install']
[0.197s] Level 1:colcon.colcon_core.package_identification:_identify(src) by extension 'ignore'
[0.197s] Level 1:colcon.colcon_core.package_identification:_identify(src) by extension 'ignore_ament_install'
[0.197s] Level 1:colcon.colcon_core.package_identification:_identify(src) by extensions ['colcon_pkg']
[0.197s] Level 1:colcon.colcon_core.package_identification:_identify(src) by extension 'colcon_pkg'
[0.197s] Level 1:colcon.colcon_core.package_identification:_identify(src) by extensions ['colcon_meta']
[0.197s] Level 1:colcon.colcon_core.package_identification:_identify(src) by extension 'colcon_meta'
[0.197s] Level 1:colcon.colcon_core.package_identification:_identify(src) by extensions ['ros']
[0.197s] Level 1:colcon.colcon_core.package_identification:_identify(src) by extension 'ros'
[0.197s] Level 1:colcon.colcon_core.package_identification:_identify(src) by extensions ['cmake', 'python']
[0.197s] Level 1:colcon.colcon_core.package_identification:_identify(src) by extension 'cmake'
[0.197s] Level 1:colcon.colcon_core.package_identification:_identify(src) by extension 'python'
[0.197s] Level 1:colcon.colcon_core.package_identification:_identify(src) by extensions ['python_setup_py']
[0.197s] Level 1:colcon.colcon_core.package_identification:_identify(src) by extension 'python_setup_py'
[0.197s] Level 1:colcon.colcon_core.package_identification:_identify(src/agv_cpp_examples) by extensions ['ignore', 'ignore_ament_install']
[0.197s] Level 1:colcon.colcon_core.package_identification:_identify(src/agv_cpp_examples) by extension 'ignore'
[0.197s] Level 1:colcon.colcon_core.package_identification:_identify(src/agv_cpp_examples) by extension 'ignore_ament_install'
[0.197s] Level 1:colcon.colcon_core.package_identification:_identify(src/agv_cpp_examples) by extensions ['colcon_pkg']
[0.197s] Level 1:colcon.colcon_core.package_identification:_identify(src/agv_cpp_examples) by extension 'colcon_pkg'
[0.197s] Level 1:colcon.colcon_core.package_identification:_identify(src/agv_cpp_examples) by extensions ['colcon_meta']
[0.197s] Level 1:colcon.colcon_core.package_identification:_identify(src/agv_cpp_examples) by extension 'colcon_meta'
[0.197s] Level 1:colcon.colcon_core.package_identification:_identify(src/agv_cpp_examples) by extensions ['ros']
[0.197s] Level 1:colcon.colcon_core.package_identification:_identify(src/agv_cpp_examples) by extension 'ros'
[0.199s] DEBUG:colcon.colcon_core.package_identification:Package 'src/agv_cpp_examples' with type 'ros.ament_cmake' and name 'agv_cpp_examples'
[0.199s] Level 1:colcon.colcon_core.package_identification:_identify(src/agv_description) by extensions ['ignore', 'ignore_ament_install']
[0.199s] Level 1:colcon.colcon_core.package_identification:_identify(src/agv_description) by extension 'ignore'
[0.199s] Level 1:colcon.colcon_core.package_identification:_identify(src/agv_description) by extension 'ignore_ament_install'
[0.199s] Level 1:colcon.colcon_core.package_identification:_identify(src/agv_description) by extensions ['colcon_pkg']
[0.199s] Level 1:colcon.colcon_core.package_identification:_identify(src/agv_description) by extension 'colcon_pkg'
[0.200s] Level 1:colcon.colcon_core.package_identification:_identify(src/agv_description) by extensions ['colcon_meta']
[0.200s] Level 1:colcon.colcon_core.package_identification:_identify(src/agv_description) by extension 'colcon_meta'
[0.200s] Level 1:colcon.colcon_core.package_identification:_identify(src/agv_description) by extensions ['ros']
[0.200s] Level 1:colcon.colcon_core.package_identification:_identify(src/agv_description) by extension 'ros'
[0.200s] DEBUG:colcon.colcon_core.package_identification:Package 'src/agv_description' with type 'ros.ament_cmake' and name 'agv_description'
[0.200s] Level 1:colcon.colcon_core.package_identification:_identify(src/agv_py_examples) by extensions ['ignore', 'ignore_ament_install']
[0.200s] Level 1:colcon.colcon_core.package_identification:_identify(src/agv_py_examples) by extension 'ignore'
[0.200s] Level 1:colcon.colcon_core.package_identification:_identify(src/agv_py_examples) by extension 'ignore_ament_install'
[0.200s] Level 1:colcon.colcon_core.package_identification:_identify(src/agv_py_examples) by extensions ['colcon_pkg']
[0.200s] Level 1:colcon.colcon_core.package_identification:_identify(src/agv_py_examples) by extension 'colcon_pkg'
[0.200s] Level 1:colcon.colcon_core.package_identification:_identify(src/agv_py_examples) by extensions ['colcon_meta']
[0.200s] Level 1:colcon.colcon_core.package_identification:_identify(src/agv_py_examples) by extension 'colcon_meta'
[0.200s] Level 1:colcon.colcon_core.package_identification:_identify(src/agv_py_examples) by extensions ['ros']
[0.200s] Level 1:colcon.colcon_core.package_identification:_identify(src/agv_py_examples) by extension 'ros'
[0.201s] DEBUG:colcon.colcon_core.package_identification:Package 'src/agv_py_examples' with type 'ros.ament_python' and name 'agv_py_examples'
[0.201s] Level 1:colcon.colcon_core.package_discovery:discover_packages(recursive) using defaults
[0.201s] Level 1:colcon.colcon_core.package_discovery:discover_packages(ignore) discover
[0.201s] Level 1:colcon.colcon_core.package_discovery:discover_packages(ignore) using defaults
[0.201s] Level 1:colcon.colcon_core.package_discovery:discover_packages(path) discover
[0.201s] Level 1:colcon.colcon_core.package_discovery:discover_packages(path) using defaults
[0.227s] Level 1:colcon.colcon_core.package_discovery:discover_packages(prefix_path) check parameters
[0.227s] Level 1:colcon.colcon_core.package_discovery:discover_packages(prefix_path) discover
[0.229s] DEBUG:colcon.colcon_installed_package_information.package_discovery:Found 330 installed packages in /opt/ros/humble
[0.230s] Level 1:colcon.colcon_core.package_discovery:discover_packages(prefix_path) using defaults
[0.258s] Level 5:colcon.colcon_core.verb:set package 'agv_cpp_examples' build argument 'cmake_args' from command line to 'None'
[0.258s] Level 5:colcon.colcon_core.verb:set package 'agv_cpp_examples' build argument 'cmake_target' from command line to 'None'
[0.258s] Level 5:colcon.colcon_core.verb:set package 'agv_cpp_examples' build argument 'cmake_target_skip_unavailable' from command line to 'False'
[0.258s] Level 5:colcon.colcon_core.verb:set package 'agv_cpp_examples' build argument 'cmake_clean_cache' from command line to 'False'
[0.258s] Level 5:colcon.colcon_core.verb:set package 'agv_cpp_examples' build argument 'cmake_clean_first' from command line to 'False'
[0.258s] Level 5:colcon.colcon_core.verb:set package 'agv_cpp_examples' build argument 'cmake_force_configure' from command line to 'False'
[0.258s] Level 5:colcon.colcon_core.verb:set package 'agv_cpp_examples' build argument 'ament_cmake_args' from command line to 'None'
[0.258s] Level 5:colcon.colcon_core.verb:set package 'agv_cpp_examples' build argument 'catkin_cmake_args' from command line to 'None'
[0.258s] Level 5:colcon.colcon_core.verb:set package 'agv_cpp_examples' build argument 'catkin_skip_building_tests' from command line to 'False'
[0.259s] DEBUG:colcon.colcon_core.verb:Building package 'agv_cpp_examples' with the following arguments: {'ament_cmake_args': None, 'build_base': '/home/ksr/agv_ws/build/agv_cpp_examples', 'catkin_cmake_args': None, 'catkin_skip_building_tests': False, 'cmake_args': None, 'cmake_clean_cache': False, 'cmake_clean_first': False, 'cmake_force_configure': False, 'cmake_target': None, 'cmake_target_skip_unavailable': False, 'install_base': '/home/ksr/agv_ws/install/agv_cpp_examples', 'merge_install': False, 'path': '/home/ksr/agv_ws/src/agv_cpp_examples', 'symlink_install': False, 'test_result_base': None}
[0.259s] Level 5:colcon.colcon_core.verb:set package 'agv_description' build argument 'cmake_args' from command line to 'None'
[0.259s] Level 5:colcon.colcon_core.verb:set package 'agv_description' build argument 'cmake_target' from command line to 'None'
[0.259s] Level 5:colcon.colcon_core.verb:set package 'agv_description' build argument 'cmake_target_skip_unavailable' from command line to 'False'
[0.259s] Level 5:colcon.colcon_core.verb:set package 'agv_description' build argument 'cmake_clean_cache' from command line to 'False'
[0.259s] Level 5:colcon.colcon_core.verb:set package 'agv_description' build argument 'cmake_clean_first' from command line to 'False'
[0.259s] Level 5:colcon.colcon_core.verb:set package 'agv_description' build argument 'cmake_force_configure' from command line to 'False'
[0.259s] Level 5:colcon.colcon_core.verb:set package 'agv_description' build argument 'ament_cmake_args' from command line to 'None'
[0.259s] Level 5:colcon.colcon_core.verb:set package 'agv_description' build argument 'catkin_cmake_args' from command line to 'None'
[0.259s] Level 5:colcon.colcon_core.verb:set package 'agv_description' build argument 'catkin_skip_building_tests' from command line to 'False'
[0.259s] DEBUG:colcon.colcon_core.verb:Building package 'agv_description' with the following arguments: {'ament_cmake_args': None, 'build_base': '/home/ksr/agv_ws/build/agv_description', 'catkin_cmake_args': None, 'catkin_skip_building_tests': False, 'cmake_args': None, 'cmake_clean_cache': False, 'cmake_clean_first': False, 'cmake_force_configure': False, 'cmake_target': None, 'cmake_target_skip_unavailable': False, 'install_base': '/home/ksr/agv_ws/install/agv_description', 'merge_install': False, 'path': '/home/ksr/agv_ws/src/agv_description', 'symlink_install': False, 'test_result_base': None}
[0.259s] Level 5:colcon.colcon_core.verb:set package 'agv_py_examples' build argument 'cmake_args' from command line to 'None'
[0.259s] Level 5:colcon.colcon_core.verb:set package 'agv_py_examples' build argument 'cmake_target' from command line to 'None'
[0.259s] Level 5:colcon.colcon_core.verb:set package 'agv_py_examples' build argument 'cmake_target_skip_unavailable' from command line to 'False'
[0.259s] Level 5:colcon.colcon_core.verb:set package 'agv_py_examples' build argument 'cmake_clean_cache' from command line to 'False'
[0.259s] Level 5:colcon.colcon_core.verb:set package 'agv_py_examples' build argument 'cmake_clean_first' from command line to 'False'
[0.259s] Level 5:colcon.colcon_core.verb:set package 'agv_py_examples' build argument 'cmake_force_configure' from command line to 'False'
[0.259s] Level 5:colcon.colcon_core.verb:set package 'agv_py_examples' build argument 'ament_cmake_args' from command line to 'None'
[0.259s] Level 5:colcon.colcon_core.verb:set package 'agv_py_examples' build argument 'catkin_cmake_args' from command line to 'None'
[0.259s] Level 5:colcon.colcon_core.verb:set package 'agv_py_examples' build argument 'catkin_skip_building_tests' from command line to 'False'
[0.259s] DEBUG:colcon.colcon_core.verb:Building package 'agv_py_examples' with the following arguments: {'ament_cmake_args': None, 'build_base': '/home/ksr/agv_ws/build/agv_py_examples', 'catkin_cmake_args': None, 'catkin_skip_building_tests': False, 'cmake_args': None, 'cmake_clean_cache': False, 'cmake_clean_first': False, 'cmake_force_configure': False, 'cmake_target': None, 'cmake_target_skip_unavailable': False, 'install_base': '/home/ksr/agv_ws/install/agv_py_examples', 'merge_install': False, 'path': '/home/ksr/agv_ws/src/agv_py_examples', 'symlink_install': False, 'test_result_base': None}
[0.259s] INFO:colcon.colcon_core.executor:Executing jobs using 'parallel' executor
[0.260s] DEBUG:colcon.colcon_parallel_executor.executor.parallel:run_until_complete
[0.260s] INFO:colcon.colcon_ros.task.ament_cmake.build:Building ROS package in '/home/ksr/agv_ws/src/agv_cpp_examples' with build type 'ament_cmake'
[0.260s] INFO:colcon.colcon_cmake.task.cmake.build:Building CMake package in '/home/ksr/agv_ws/src/agv_cpp_examples'
[0.262s] INFO:colcon.colcon_core.plugin_system:Skipping extension 'colcon_core.shell.bat': Not used on non-Windows systems
[0.262s] INFO:colcon.colcon_core.shell:Skip shell extension 'powershell' for command environment: Not usable outside of PowerShell
[0.262s] DEBUG:colcon.colcon_core.shell:Skip shell extension 'dsv' for command environment
[0.264s] INFO:colcon.colcon_ros.task.ament_cmake.build:Building ROS package in '/home/ksr/agv_ws/src/agv_description' with build type 'ament_cmake'
[0.264s] INFO:colcon.colcon_cmake.task.cmake.build:Building CMake package in '/home/ksr/agv_ws/src/agv_description'
[0.264s] INFO:colcon.colcon_core.shell:Skip shell extension 'powershell' for command environment: Not usable outside of PowerShell
[0.264s] DEBUG:colcon.colcon_core.shell:Skip shell extension 'dsv' for command environment
[0.266s] INFO:colcon.colcon_ros.task.ament_python.build:Building ROS package in '/home/ksr/agv_ws/src/agv_py_examples' with build type 'ament_python'
[0.266s] Level 1:colcon.colcon_core.shell:create_environment_hook('agv_py_examples', 'ament_prefix_path')
[0.266s] INFO:colcon.colcon_core.shell:Creating environment hook '/home/ksr/agv_ws/install/agv_py_examples/share/agv_py_examples/hook/ament_prefix_path.ps1'
[0.266s] INFO:colcon.colcon_core.shell:Creating environment descriptor '/home/ksr/agv_ws/install/agv_py_examples/share/agv_py_examples/hook/ament_prefix_path.dsv'
[0.267s] INFO:colcon.colcon_core.shell:Creating environment hook '/home/ksr/agv_ws/install/agv_py_examples/share/agv_py_examples/hook/ament_prefix_path.sh'
[0.267s] INFO:colcon.colcon_core.shell:Skip shell extension 'powershell' for command environment: Not usable outside of PowerShell
[0.267s] DEBUG:colcon.colcon_core.shell:Skip shell extension 'dsv' for command environment
[0.272s] DEBUG:colcon.colcon_core.event_handler.log_command:Invoking command in '/home/ksr/agv_ws/build/agv_cpp_examples': CMAKE_PREFIX_PATH=/opt/ros/humble /usr/bin/cmake --build /home/ksr/agv_ws/build/agv_cpp_examples -- -j12 -l12
[0.273s] DEBUG:colcon.colcon_core.event_handler.log_command:Invoking command in '/home/ksr/agv_ws/build/agv_description': CMAKE_PREFIX_PATH=/opt/ros/humble /usr/bin/cmake /home/ksr/agv_ws/src/agv_description -DCMAKE_INSTALL_PREFIX=/home/ksr/agv_ws/install/agv_description
[0.451s] INFO:colcon.colcon_core.task.python.build:Building Python package in '/home/ksr/agv_ws/src/agv_py_examples'
[0.451s] INFO:colcon.colcon_core.shell:Skip shell extension 'powershell' for command environment: Not usable outside of PowerShell
[0.451s] DEBUG:colcon.colcon_core.shell:Skip shell extension 'dsv' for command environment
[0.454s] DEBUG:colcon.colcon_core.event_handler.log_command:Invoked command in '/home/ksr/agv_ws/build/agv_cpp_examples' returned '0': CMAKE_PREFIX_PATH=/opt/ros/humble /usr/bin/cmake --build /home/ksr/agv_ws/build/agv_cpp_examples -- -j12 -l12
[0.461s] DEBUG:colcon.colcon_core.event_handler.log_command:Invoking command in '/home/ksr/agv_ws/build/agv_cpp_examples': CMAKE_PREFIX_PATH=/opt/ros/humble /usr/bin/cmake --install /home/ksr/agv_ws/build/agv_cpp_examples
[0.468s] Level 1:colcon.colcon_core.environment:create_environment_scripts_only(agv_cpp_examples)
[0.468s] DEBUG:colcon.colcon_core.event_handler.log_command:Invoked command in '/home/ksr/agv_ws/build/agv_cpp_examples' returned '0': CMAKE_PREFIX_PATH=/opt/ros/humble /usr/bin/cmake --install /home/ksr/agv_ws/build/agv_cpp_examples
[0.469s] Level 1:colcon.colcon_core.environment:checking '/home/ksr/agv_ws/install/agv_cpp_examples' for CMake module files
[0.470s] Level 1:colcon.colcon_core.environment:checking '/home/ksr/agv_ws/install/agv_cpp_examples' for CMake config files
[0.470s] Level 1:colcon.colcon_core.shell:create_environment_hook('agv_cpp_examples', 'cmake_prefix_path')
[0.470s] INFO:colcon.colcon_core.shell:Creating environment hook '/home/ksr/agv_ws/install/agv_cpp_examples/share/agv_cpp_examples/hook/cmake_prefix_path.ps1'
[0.470s] INFO:colcon.colcon_core.shell:Creating environment descriptor '/home/ksr/agv_ws/install/agv_cpp_examples/share/agv_cpp_examples/hook/cmake_prefix_path.dsv'
[0.470s] INFO:colcon.colcon_core.shell:Creating environment hook '/home/ksr/agv_ws/install/agv_cpp_examples/share/agv_cpp_examples/hook/cmake_prefix_path.sh'
[0.471s] Level 1:colcon.colcon_core.environment:checking '/home/ksr/agv_ws/install/agv_cpp_examples/bin'
[0.471s] Level 1:colcon.colcon_core.environment:checking '/home/ksr/agv_ws/install/agv_cpp_examples/lib/pkgconfig/agv_cpp_examples.pc'
[0.471s] Level 1:colcon.colcon_core.environment:checking '/home/ksr/agv_ws/install/agv_cpp_examples/lib/python3.10/site-packages'
[0.471s] Level 1:colcon.colcon_core.environment:checking '/home/ksr/agv_ws/install/agv_cpp_examples/bin'
[0.471s] INFO:colcon.colcon_core.shell:Creating package script '/home/ksr/agv_ws/install/agv_cpp_examples/share/agv_cpp_examples/package.ps1'
[0.472s] INFO:colcon.colcon_core.shell:Creating package descriptor '/home/ksr/agv_ws/install/agv_cpp_examples/share/agv_cpp_examples/package.dsv'
[0.472s] INFO:colcon.colcon_core.shell:Creating package script '/home/ksr/agv_ws/install/agv_cpp_examples/share/agv_cpp_examples/package.sh'
[0.473s] INFO:colcon.colcon_core.shell:Creating package script '/home/ksr/agv_ws/install/agv_cpp_examples/share/agv_cpp_examples/package.bash'
[0.473s] INFO:colcon.colcon_core.shell:Creating package script '/home/ksr/agv_ws/install/agv_cpp_examples/share/agv_cpp_examples/package.zsh'
[0.474s] Level 1:colcon.colcon_core.environment:create_file_with_runtime_dependencies(/home/ksr/agv_ws/install/agv_cpp_examples/share/colcon-core/packages/agv_cpp_examples)
[0.474s] Level 1:colcon.colcon_core.environment:create_environment_scripts_only(agv_cpp_examples)
[0.474s] Level 1:colcon.colcon_core.environment:checking '/home/ksr/agv_ws/install/agv_cpp_examples' for CMake module files
[0.475s] Level 1:colcon.colcon_core.environment:checking '/home/ksr/agv_ws/install/agv_cpp_examples' for CMake config files
[0.475s] Level 1:colcon.colcon_core.shell:create_environment_hook('agv_cpp_examples', 'cmake_prefix_path')
[0.475s] INFO:colcon.colcon_core.shell:Creating environment hook '/home/ksr/agv_ws/install/agv_cpp_examples/share/agv_cpp_examples/hook/cmake_prefix_path.ps1'
[0.475s] INFO:colcon.colcon_core.shell:Creating environment descriptor '/home/ksr/agv_ws/install/agv_cpp_examples/share/agv_cpp_examples/hook/cmake_prefix_path.dsv'
[0.475s] INFO:colcon.colcon_core.shell:Creating environment hook '/home/ksr/agv_ws/install/agv_cpp_examples/share/agv_cpp_examples/hook/cmake_prefix_path.sh'
[0.476s] Level 1:colcon.colcon_core.environment:checking '/home/ksr/agv_ws/install/agv_cpp_examples/bin'
[0.476s] Level 1:colcon.colcon_core.environment:checking '/home/ksr/agv_ws/install/agv_cpp_examples/lib/pkgconfig/agv_cpp_examples.pc'
[0.476s] Level 1:colcon.colcon_core.environment:checking '/home/ksr/agv_ws/install/agv_cpp_examples/lib/python3.10/site-packages'
[0.476s] Level 1:colcon.colcon_core.environment:checking '/home/ksr/agv_ws/install/agv_cpp_examples/bin'
[0.476s] INFO:colcon.colcon_core.shell:Creating package script '/home/ksr/agv_ws/install/agv_cpp_examples/share/agv_cpp_examples/package.ps1'
[0.477s] INFO:colcon.colcon_core.shell:Creating package descriptor '/home/ksr/agv_ws/install/agv_cpp_examples/share/agv_cpp_examples/package.dsv'
[0.477s] INFO:colcon.colcon_core.shell:Creating package script '/home/ksr/agv_ws/install/agv_cpp_examples/share/agv_cpp_examples/package.sh'
[0.477s] INFO:colcon.colcon_core.shell:Creating package script '/home/ksr/agv_ws/install/agv_cpp_examples/share/agv_cpp_examples/package.bash'
[0.477s] INFO:colcon.colcon_core.shell:Creating package script '/home/ksr/agv_ws/install/agv_cpp_examples/share/agv_cpp_examples/package.zsh'
[0.478s] Level 1:colcon.colcon_core.environment:create_file_with_runtime_dependencies(/home/ksr/agv_ws/install/agv_cpp_examples/share/colcon-core/packages/agv_cpp_examples)
[0.722s] DEBUG:colcon.colcon_core.event_handler.log_command:Invoking command in '/home/ksr/agv_ws/src/agv_py_examples': PYTHONPATH=/home/ksr/agv_ws/build/agv_py_examples/prefix_override:/usr/lib/python3/dist-packages/colcon_core/task/python/colcon_distutils_commands:/home/ksr/agv_ws/install/agv_py_examples/lib/python3.10/site-packages:${PYTHONPATH} /usr/bin/python3 -W ignore:setup.py install is deprecated -W ignore:easy_install command is deprecated setup.py egg_info --egg-base ../../build/agv_py_examples build --build-base /home/ksr/agv_ws/build/agv_py_examples/build install --record /home/ksr/agv_ws/build/agv_py_examples/install.log --single-version-externally-managed install_data
[0.767s] DEBUG:colcon.colcon_core.event_handler.log_command:Invoked command in '/home/ksr/agv_ws/build/agv_description' returned '0': CMAKE_PREFIX_PATH=/opt/ros/humble /usr/bin/cmake /home/ksr/agv_ws/src/agv_description -DCMAKE_INSTALL_PREFIX=/home/ksr/agv_ws/install/agv_description
[0.768s] DEBUG:colcon.colcon_core.event_handler.log_command:Invoking command in '/home/ksr/agv_ws/build/agv_description': CMAKE_PREFIX_PATH=/opt/ros/humble /usr/bin/cmake --build /home/ksr/agv_ws/build/agv_description -- -j12 -l12
[0.793s] DEBUG:colcon.colcon_core.event_handler.log_command:Invoked command in '/home/ksr/agv_ws/build/agv_description' returned '0': CMAKE_PREFIX_PATH=/opt/ros/humble /usr/bin/cmake --build /home/ksr/agv_ws/build/agv_description -- -j12 -l12
[0.794s] DEBUG:colcon.colcon_core.event_handler.log_command:Invoking command in '/home/ksr/agv_ws/build/agv_description': CMAKE_PREFIX_PATH=/opt/ros/humble /usr/bin/cmake --install /home/ksr/agv_ws/build/agv_description
[0.801s] Level 1:colcon.colcon_core.environment:create_environment_scripts_only(agv_description)
[0.801s] Level 1:colcon.colcon_core.environment:checking '/home/ksr/agv_ws/install/agv_description' for CMake module files
[0.801s] DEBUG:colcon.colcon_core.event_handler.log_command:Invoked command in '/home/ksr/agv_ws/build/agv_description' returned '0': CMAKE_PREFIX_PATH=/opt/ros/humble /usr/bin/cmake --install /home/ksr/agv_ws/build/agv_description
[0.801s] Level 1:colcon.colcon_core.environment:checking '/home/ksr/agv_ws/install/agv_description' for CMake config files
[0.802s] Level 1:colcon.colcon_core.shell:create_environment_hook('agv_description', 'cmake_prefix_path')
[0.802s] INFO:colcon.colcon_core.shell:Creating environment hook '/home/ksr/agv_ws/install/agv_description/share/agv_description/hook/cmake_prefix_path.ps1'
[0.802s] INFO:colcon.colcon_core.shell:Creating environment descriptor '/home/ksr/agv_ws/install/agv_description/share/agv_description/hook/cmake_prefix_path.dsv'
[0.802s] INFO:colcon.colcon_core.shell:Creating environment hook '/home/ksr/agv_ws/install/agv_description/share/agv_description/hook/cmake_prefix_path.sh'
[0.803s] Level 1:colcon.colcon_core.environment:checking '/home/ksr/agv_ws/install/agv_description/bin'
[0.803s] Level 1:colcon.colcon_core.environment:checking '/home/ksr/agv_ws/install/agv_description/lib/pkgconfig/agv_description.pc'
[0.803s] Level 1:colcon.colcon_core.environment:checking '/home/ksr/agv_ws/install/agv_description/lib/python3.10/site-packages'
[0.803s] Level 1:colcon.colcon_core.environment:checking '/home/ksr/agv_ws/install/agv_description/bin'
[0.803s] INFO:colcon.colcon_core.shell:Creating package script '/home/ksr/agv_ws/install/agv_description/share/agv_description/package.ps1'
[0.803s] INFO:colcon.colcon_core.shell:Creating package descriptor '/home/ksr/agv_ws/install/agv_description/share/agv_description/package.dsv'
[0.804s] INFO:colcon.colcon_core.shell:Creating package script '/home/ksr/agv_ws/install/agv_description/share/agv_description/package.sh'
[0.804s] INFO:colcon.colcon_core.shell:Creating package script '/home/ksr/agv_ws/install/agv_description/share/agv_description/package.bash'
[0.804s] INFO:colcon.colcon_core.shell:Creating package script '/home/ksr/agv_ws/install/agv_description/share/agv_description/package.zsh'
[0.804s] Level 1:colcon.colcon_core.environment:create_file_with_runtime_dependencies(/home/ksr/agv_ws/install/agv_description/share/colcon-core/packages/agv_description)
[0.805s] Level 1:colcon.colcon_core.environment:create_environment_scripts_only(agv_description)
[0.805s] Level 1:colcon.colcon_core.environment:checking '/home/ksr/agv_ws/install/agv_description' for CMake module files
[0.805s] Level 1:colcon.colcon_core.environment:checking '/home/ksr/agv_ws/install/agv_description' for CMake config files
[0.805s] Level 1:colcon.colcon_core.shell:create_environment_hook('agv_description', 'cmake_prefix_path')
[0.805s] INFO:colcon.colcon_core.shell:Creating environment hook '/home/ksr/agv_ws/install/agv_description/share/agv_description/hook/cmake_prefix_path.ps1'
[0.806s] INFO:colcon.colcon_core.shell:Creating environment descriptor '/home/ksr/agv_ws/install/agv_description/share/agv_description/hook/cmake_prefix_path.dsv'
[0.806s] INFO:colcon.colcon_core.shell:Creating environment hook '/home/ksr/agv_ws/install/agv_description/share/agv_description/hook/cmake_prefix_path.sh'
[0.806s] Level 1:colcon.colcon_core.environment:checking '/home/ksr/agv_ws/install/agv_description/bin'
[0.806s] Level 1:colcon.colcon_core.environment:checking '/home/ksr/agv_ws/install/agv_description/lib/pkgconfig/agv_description.pc'
[0.806s] Level 1:colcon.colcon_core.environment:checking '/home/ksr/agv_ws/install/agv_description/lib/python3.10/site-packages'
[0.806s] Level 1:colcon.colcon_core.environment:checking '/home/ksr/agv_ws/install/agv_description/bin'
[0.807s] INFO:colcon.colcon_core.shell:Creating package script '/home/ksr/agv_ws/install/agv_description/share/agv_description/package.ps1'
[0.807s] INFO:colcon.colcon_core.shell:Creating package descriptor '/home/ksr/agv_ws/install/agv_description/share/agv_description/package.dsv'
[0.807s] INFO:colcon.colcon_core.shell:Creating package script '/home/ksr/agv_ws/install/agv_description/share/agv_description/package.sh'
[0.807s] INFO:colcon.colcon_core.shell:Creating package script '/home/ksr/agv_ws/install/agv_description/share/agv_description/package.bash'
[0.808s] INFO:colcon.colcon_core.shell:Creating package script '/home/ksr/agv_ws/install/agv_description/share/agv_description/package.zsh'
[0.808s] Level 1:colcon.colcon_core.environment:create_file_with_runtime_dependencies(/home/ksr/agv_ws/install/agv_description/share/colcon-core/packages/agv_description)
[0.922s] Level 1:colcon.colcon_core.environment:checking '/home/ksr/agv_ws/install/agv_py_examples' for CMake module files
[0.922s] DEBUG:colcon.colcon_core.event_handler.log_command:Invoked command in '/home/ksr/agv_ws/src/agv_py_examples' returned '0': PYTHONPATH=/home/ksr/agv_ws/build/agv_py_examples/prefix_override:/usr/lib/python3/dist-packages/colcon_core/task/python/colcon_distutils_commands:/home/ksr/agv_ws/install/agv_py_examples/lib/python3.10/site-packages:${PYTHONPATH} /usr/bin/python3 -W ignore:setup.py install is deprecated -W ignore:easy_install command is deprecated setup.py egg_info --egg-base ../../build/agv_py_examples build --build-base /home/ksr/agv_ws/build/agv_py_examples/build install --record /home/ksr/agv_ws/build/agv_py_examples/install.log --single-version-externally-managed install_data
[0.923s] Level 1:colcon.colcon_core.environment:checking '/home/ksr/agv_ws/install/agv_py_examples' for CMake config files
[0.923s] Level 1:colcon.colcon_core.environment:checking '/home/ksr/agv_ws/install/agv_py_examples/lib'
[0.923s] Level 1:colcon.colcon_core.environment:checking '/home/ksr/agv_ws/install/agv_py_examples/bin'
[0.923s] Level 1:colcon.colcon_core.environment:checking '/home/ksr/agv_ws/install/agv_py_examples/lib/pkgconfig/agv_py_examples.pc'
[0.923s] Level 1:colcon.colcon_core.environment:checking '/home/ksr/agv_ws/install/agv_py_examples/lib/python3.10/site-packages'
[0.923s] Level 1:colcon.colcon_core.shell:create_environment_hook('agv_py_examples', 'pythonpath')
[0.924s] INFO:colcon.colcon_core.shell:Creating environment hook '/home/ksr/agv_ws/install/agv_py_examples/share/agv_py_examples/hook/pythonpath.ps1'
[0.924s] INFO:colcon.colcon_core.shell:Creating environment descriptor '/home/ksr/agv_ws/install/agv_py_examples/share/agv_py_examples/hook/pythonpath.dsv'
[0.924s] INFO:colcon.colcon_core.shell:Creating environment hook '/home/ksr/agv_ws/install/agv_py_examples/share/agv_py_examples/hook/pythonpath.sh'
[0.925s] Level 1:colcon.colcon_core.environment:checking '/home/ksr/agv_ws/install/agv_py_examples/bin'
[0.925s] Level 1:colcon.colcon_core.environment:create_environment_scripts_only(agv_py_examples)
[0.925s] INFO:colcon.colcon_core.shell:Creating package script '/home/ksr/agv_ws/install/agv_py_examples/share/agv_py_examples/package.ps1'
[0.925s] INFO:colcon.colcon_core.shell:Creating package descriptor '/home/ksr/agv_ws/install/agv_py_examples/share/agv_py_examples/package.dsv'
[0.926s] INFO:colcon.colcon_core.shell:Creating package script '/home/ksr/agv_ws/install/agv_py_examples/share/agv_py_examples/package.sh'
[0.926s] INFO:colcon.colcon_core.shell:Creating package script '/home/ksr/agv_ws/install/agv_py_examples/share/agv_py_examples/package.bash'
[0.926s] INFO:colcon.colcon_core.shell:Creating package script '/home/ksr/agv_ws/install/agv_py_examples/share/agv_py_examples/package.zsh'
[0.926s] Level 1:colcon.colcon_core.environment:create_file_with_runtime_dependencies(/home/ksr/agv_ws/install/agv_py_examples/share/colcon-core/packages/agv_py_examples)
[0.927s] DEBUG:colcon.colcon_parallel_executor.executor.parallel:closing loop
[0.927s] DEBUG:colcon.colcon_parallel_executor.executor.parallel:loop closed
[0.927s] DEBUG:colcon.colcon_parallel_executor.executor.parallel:run_until_complete finished with '0'
[0.927s] DEBUG:colcon.colcon_core.event_reactor:joining thread
[0.930s] INFO:colcon.colcon_core.plugin_system:Skipping extension 'colcon_notification.desktop_notification.terminal_notifier': Not used on non-Darwin systems
[0.931s] INFO:colcon.colcon_core.plugin_system:Skipping extension 'colcon_notification.desktop_notification.win32': Not used on non-Windows systems
[0.931s] INFO:colcon.colcon_notification.desktop_notification:Sending desktop notification using 'notify2'
[0.939s] DEBUG:colcon.colcon_core.event_reactor:joined thread
[0.940s] INFO:colcon.colcon_core.shell:Creating prefix script '/home/ksr/agv_ws/install/local_setup.ps1'
[0.940s] INFO:colcon.colcon_core.shell:Creating prefix util module '/home/ksr/agv_ws/install/_local_setup_util_ps1.py'
[0.941s] INFO:colcon.colcon_core.shell:Creating prefix chain script '/home/ksr/agv_ws/install/setup.ps1'
[0.942s] INFO:colcon.colcon_core.shell:Creating prefix script '/home/ksr/agv_ws/install/local_setup.sh'
[0.943s] INFO:colcon.colcon_core.shell:Creating prefix util module '/home/ksr/agv_ws/install/_local_setup_util_sh.py'
[0.943s] INFO:colcon.colcon_core.shell:Creating prefix chain script '/home/ksr/agv_ws/install/setup.sh'
[0.944s] INFO:colcon.colcon_core.shell:Creating prefix script '/home/ksr/agv_ws/install/local_setup.bash'
[0.944s] INFO:colcon.colcon_core.shell:Creating prefix chain script '/home/ksr/agv_ws/install/setup.bash'
[0.944s] INFO:colcon.colcon_core.shell:Creating prefix script '/home/ksr/agv_ws/install/local_setup.zsh'
[0.945s] INFO:colcon.colcon_core.shell:Creating prefix chain script '/home/ksr/agv_ws/install/setup.zsh'
