[0.010s] Invoking command in '/home/ksr/agv_ws/build/agv_description': CMAKE_PREFIX_PATH=/opt/ros/humble /usr/bin/cmake /home/ksr/agv_ws/src/agv_description -DCMAKE_INSTALL_PREFIX=/home/ksr/agv_ws/install/agv_description
[0.069s] -- The C compiler identification is GNU 11.4.0
[0.122s] -- The CXX compiler identification is GNU 11.4.0
[0.128s] -- Detecting C compiler ABI info
[0.176s] -- Detecting C compiler ABI info - done
[0.182s] -- Check for working C compiler: /usr/bin/cc - skipped
[0.182s] -- Detecting C compile features
[0.183s] -- Detecting C compile features - done
[0.185s] -- Detecting CXX compiler ABI info
[0.244s] -- Detecting CXX compiler ABI info - done
[0.249s] -- Check for working CXX compiler: /usr/bin/c++ - skipped
[0.250s] -- Detecting CXX compile features
[0.250s] -- Detecting CXX compile features - done
[0.254s] -- Found ament_cmake: 1.3.12 (/opt/ros/humble/share/ament_cmake/cmake)
[0.362s] -- Found Python3: /usr/bin/python3 (found version "3.10.12") found components: Interpreter 
[0.433s] -- Found ament_lint_auto: 0.12.14 (/opt/ros/humble/share/ament_lint_auto/cmake)
[0.495s] -- Added test 'lint_cmake' to check CMake code style
[0.496s] -- Added test 'xmllint' to check XML markup files
[0.497s] -- Configuring done
[0.498s] -- Generating done
[0.499s] -- Build files have been written to: /home/ksr/agv_ws/build/agv_description
[0.503s] Invoked command in '/home/ksr/agv_ws/build/agv_description' returned '0': CMAKE_PREFIX_PATH=/opt/ros/humble /usr/bin/cmake /home/ksr/agv_ws/src/agv_description -DCMAKE_INSTALL_PREFIX=/home/ksr/agv_ws/install/agv_description
[0.504s] Invoking command in '/home/ksr/agv_ws/build/agv_description': CMAKE_PREFIX_PATH=/opt/ros/humble /usr/bin/cmake --build /home/ksr/agv_ws/build/agv_description -- -j12 -l12
[0.529s] Invoked command in '/home/ksr/agv_ws/build/agv_description' returned '0': CMAKE_PREFIX_PATH=/opt/ros/humble /usr/bin/cmake --build /home/ksr/agv_ws/build/agv_description -- -j12 -l12
[0.530s] Invoking command in '/home/ksr/agv_ws/build/agv_description': CMAKE_PREFIX_PATH=/opt/ros/humble /usr/bin/cmake --install /home/ksr/agv_ws/build/agv_description
[0.535s] -- Install configuration: ""
[0.535s] -- Installing: /home/ksr/agv_ws/install/agv_description/share/ament_index/resource_index/package_run_dependencies/agv_description
[0.535s] -- Installing: /home/ksr/agv_ws/install/agv_description/share/ament_index/resource_index/parent_prefix_path/agv_description
[0.535s] -- Installing: /home/ksr/agv_ws/install/agv_description/share/agv_description/environment/ament_prefix_path.sh
[0.535s] -- Installing: /home/ksr/agv_ws/install/agv_description/share/agv_description/environment/ament_prefix_path.dsv
[0.535s] -- Installing: /home/ksr/agv_ws/install/agv_description/share/agv_description/environment/path.sh
[0.535s] -- Installing: /home/ksr/agv_ws/install/agv_description/share/agv_description/environment/path.dsv
[0.535s] -- Installing: /home/ksr/agv_ws/install/agv_description/share/agv_description/local_setup.bash
[0.535s] -- Installing: /home/ksr/agv_ws/install/agv_description/share/agv_description/local_setup.sh
[0.535s] -- Installing: /home/ksr/agv_ws/install/agv_description/share/agv_description/local_setup.zsh
[0.535s] -- Installing: /home/ksr/agv_ws/install/agv_description/share/agv_description/local_setup.dsv
[0.535s] -- Installing: /home/ksr/agv_ws/install/agv_description/share/agv_description/package.dsv
[0.536s] -- Installing: /home/ksr/agv_ws/install/agv_description/share/ament_index/resource_index/packages/agv_description
[0.536s] -- Installing: /home/ksr/agv_ws/install/agv_description/share/agv_description/cmake/agv_descriptionConfig.cmake
[0.536s] -- Installing: /home/ksr/agv_ws/install/agv_description/share/agv_description/cmake/agv_descriptionConfig-version.cmake
[0.536s] -- Installing: /home/ksr/agv_ws/install/agv_description/share/agv_description/package.xml
[0.537s] Invoked command in '/home/ksr/agv_ws/build/agv_description' returned '0': CMAKE_PREFIX_PATH=/opt/ros/humble /usr/bin/cmake --install /home/ksr/agv_ws/build/agv_description
