running egg_info
writing ../../build/agv_py_examples/agv_py_examples.egg-info/PKG-INFO
writing dependency_links to ../../build/agv_py_examples/agv_py_examples.egg-info/dependency_links.txt
writing entry points to ../../build/agv_py_examples/agv_py_examples.egg-info/entry_points.txt
writing requirements to ../../build/agv_py_examples/agv_py_examples.egg-info/requires.txt
writing top-level names to ../../build/agv_py_examples/agv_py_examples.egg-info/top_level.txt
reading manifest file '../../build/agv_py_examples/agv_py_examples.egg-info/SOURCES.txt'
writing manifest file '../../build/agv_py_examples/agv_py_examples.egg-info/SOURCES.txt'
running build
running build_py
running install
running install_lib
running install_data
copying package.xml -> /home/ksr/agv_ws/install/agv_py_examples/share/agv_py_examples
running install_egg_info
removing '/home/ksr/agv_ws/install/agv_py_examples/lib/python3.10/site-packages/agv_py_examples-0.0.0-py3.10.egg-info' (and everything under it)
Copying ../../build/agv_py_examples/agv_py_examples.egg-info to /home/ksr/agv_ws/install/agv_py_examples/lib/python3.10/site-packages/agv_py_examples-0.0.0-py3.10.egg-info
running install_scripts
Installing simple_publisher = agv_py_examples.simple_publisher:mainsimple_subscriber script to /home/ksr/agv_ws/install/agv_py_examples/lib/agv_py_examples
writing list of installed files to '/home/ksr/agv_ws/build/agv_py_examples/install.log'
