[0.012s] Invoking command in '/home/ksr/agv_ws/build/agv_cpp_examples': CMAKE_PREFIX_PATH=/opt/ros/humble /usr/bin/cmake --build /home/ksr/agv_ws/build/agv_cpp_examples -- -j12 -l12
[0.166s] Invoked command in '/home/ksr/agv_ws/build/agv_cpp_examples' returned '0': CMAKE_PREFIX_PATH=/opt/ros/humble /usr/bin/cmake --build /home/ksr/agv_ws/build/agv_cpp_examples -- -j12 -l12
[0.172s] Invoking command in '/home/ksr/agv_ws/build/agv_cpp_examples': CMAKE_PREFIX_PATH=/opt/ros/humble /usr/bin/cmake --install /home/ksr/agv_ws/build/agv_cpp_examples
[0.176s] -- Install configuration: ""
[0.176s] -- Up-to-date: /home/ksr/agv_ws/install/agv_cpp_examples/share/ament_index/resource_index/package_run_dependencies/agv_cpp_examples
[0.176s] -- Up-to-date: /home/ksr/agv_ws/install/agv_cpp_examples/share/ament_index/resource_index/parent_prefix_path/agv_cpp_examples
[0.176s] -- Up-to-date: /home/ksr/agv_ws/install/agv_cpp_examples/share/agv_cpp_examples/environment/ament_prefix_path.sh
[0.176s] -- Up-to-date: /home/ksr/agv_ws/install/agv_cpp_examples/share/agv_cpp_examples/environment/ament_prefix_path.dsv
[0.176s] -- Up-to-date: /home/ksr/agv_ws/install/agv_cpp_examples/share/agv_cpp_examples/environment/path.sh
[0.176s] -- Up-to-date: /home/ksr/agv_ws/install/agv_cpp_examples/share/agv_cpp_examples/environment/path.dsv
[0.177s] -- Up-to-date: /home/ksr/agv_ws/install/agv_cpp_examples/share/agv_cpp_examples/local_setup.bash
[0.177s] -- Up-to-date: /home/ksr/agv_ws/install/agv_cpp_examples/share/agv_cpp_examples/local_setup.sh
[0.177s] -- Up-to-date: /home/ksr/agv_ws/install/agv_cpp_examples/share/agv_cpp_examples/local_setup.zsh
[0.177s] -- Up-to-date: /home/ksr/agv_ws/install/agv_cpp_examples/share/agv_cpp_examples/local_setup.dsv
[0.177s] -- Installing: /home/ksr/agv_ws/install/agv_cpp_examples/share/agv_cpp_examples/package.dsv
[0.177s] -- Up-to-date: /home/ksr/agv_ws/install/agv_cpp_examples/share/ament_index/resource_index/packages/agv_cpp_examples
[0.177s] -- Up-to-date: /home/ksr/agv_ws/install/agv_cpp_examples/share/agv_cpp_examples/cmake/agv_cpp_examplesConfig.cmake
[0.177s] -- Up-to-date: /home/ksr/agv_ws/install/agv_cpp_examples/share/agv_cpp_examples/cmake/agv_cpp_examplesConfig-version.cmake
[0.177s] -- Up-to-date: /home/ksr/agv_ws/install/agv_cpp_examples/share/agv_cpp_examples/package.xml
[0.178s] Invoked command in '/home/ksr/agv_ws/build/agv_cpp_examples' returned '0': CMAKE_PREFIX_PATH=/opt/ros/humble /usr/bin/cmake --install /home/ksr/agv_ws/build/agv_cpp_examples
