[0.007s] Invoking command in '/home/ksr/agv_ws/build/agv_cpp_examples': CMAKE_PREFIX_PATH=/opt/ros/humble /usr/bin/cmake /home/ksr/agv_ws/src/agv_cpp_examples -DCMAKE_INSTALL_PREFIX=/home/ksr/agv_ws/install/agv_cpp_examples
[0.064s] -- The C compiler identification is GNU 11.4.0
[0.100s] -- The CXX compiler identification is GNU 11.4.0
[0.107s] -- Detecting C compiler ABI info
[0.148s] -- Detecting C compiler ABI info - done
[0.153s] -- Check for working C compiler: /usr/bin/cc - skipped
[0.153s] -- Detecting C compile features
[0.154s] -- Detecting C compile features - done
[0.156s] -- Detecting CXX compiler ABI info
[0.202s] -- Detecting CXX compiler ABI info - done
[0.206s] -- Check for working CXX compiler: /usr/bin/c++ - skipped
[0.207s] -- Detecting CXX compile features
[0.207s] -- Detecting CXX compile features - done
[0.211s] -- Found ament_cmake: 1.3.12 (/opt/ros/humble/share/ament_cmake/cmake)
[0.306s] -- Found Python3: /usr/bin/python3 (found version "3.10.12") found components: Interpreter 
[0.367s] -- Found ament_lint_auto: 0.12.14 (/opt/ros/humble/share/ament_lint_auto/cmake)
[0.420s] -- Added test 'lint_cmake' to check CMake code style
[0.421s] -- Added test 'xmllint' to check XML markup files
[0.422s] -- Configuring done
[0.423s] -- Generating done
[0.424s] -- Build files have been written to: /home/ksr/agv_ws/build/agv_cpp_examples
[0.426s] Invoked command in '/home/ksr/agv_ws/build/agv_cpp_examples' returned '0': CMAKE_PREFIX_PATH=/opt/ros/humble /usr/bin/cmake /home/ksr/agv_ws/src/agv_cpp_examples -DCMAKE_INSTALL_PREFIX=/home/ksr/agv_ws/install/agv_cpp_examples
[0.428s] Invoking command in '/home/ksr/agv_ws/build/agv_cpp_examples': CMAKE_PREFIX_PATH=/opt/ros/humble /usr/bin/cmake --build /home/ksr/agv_ws/build/agv_cpp_examples -- -j12 -l12
[0.448s] Invoked command in '/home/ksr/agv_ws/build/agv_cpp_examples' returned '0': CMAKE_PREFIX_PATH=/opt/ros/humble /usr/bin/cmake --build /home/ksr/agv_ws/build/agv_cpp_examples -- -j12 -l12
[0.454s] Invoking command in '/home/ksr/agv_ws/build/agv_cpp_examples': CMAKE_PREFIX_PATH=/opt/ros/humble /usr/bin/cmake --install /home/ksr/agv_ws/build/agv_cpp_examples
[0.458s] -- Install configuration: ""
[0.458s] -- Installing: /home/ksr/agv_ws/install/agv_cpp_examples/share/ament_index/resource_index/package_run_dependencies/agv_cpp_examples
[0.458s] -- Installing: /home/ksr/agv_ws/install/agv_cpp_examples/share/ament_index/resource_index/parent_prefix_path/agv_cpp_examples
[0.458s] -- Installing: /home/ksr/agv_ws/install/agv_cpp_examples/share/agv_cpp_examples/environment/ament_prefix_path.sh
[0.458s] -- Installing: /home/ksr/agv_ws/install/agv_cpp_examples/share/agv_cpp_examples/environment/ament_prefix_path.dsv
[0.458s] -- Installing: /home/ksr/agv_ws/install/agv_cpp_examples/share/agv_cpp_examples/environment/path.sh
[0.458s] -- Installing: /home/ksr/agv_ws/install/agv_cpp_examples/share/agv_cpp_examples/environment/path.dsv
[0.458s] -- Installing: /home/ksr/agv_ws/install/agv_cpp_examples/share/agv_cpp_examples/local_setup.bash
[0.458s] -- Installing: /home/ksr/agv_ws/install/agv_cpp_examples/share/agv_cpp_examples/local_setup.sh
[0.458s] -- Installing: /home/ksr/agv_ws/install/agv_cpp_examples/share/agv_cpp_examples/local_setup.zsh
[0.458s] -- Installing: /home/ksr/agv_ws/install/agv_cpp_examples/share/agv_cpp_examples/local_setup.dsv
[0.458s] -- Installing: /home/ksr/agv_ws/install/agv_cpp_examples/share/agv_cpp_examples/package.dsv
[0.459s] -- Installing: /home/ksr/agv_ws/install/agv_cpp_examples/share/ament_index/resource_index/packages/agv_cpp_examples
[0.459s] -- Installing: /home/ksr/agv_ws/install/agv_cpp_examples/share/agv_cpp_examples/cmake/agv_cpp_examplesConfig.cmake
[0.459s] -- Installing: /home/ksr/agv_ws/install/agv_cpp_examples/share/agv_cpp_examples/cmake/agv_cpp_examplesConfig-version.cmake
[0.459s] -- Installing: /home/ksr/agv_ws/install/agv_cpp_examples/share/agv_cpp_examples/package.xml
[0.460s] Invoked command in '/home/ksr/agv_ws/build/agv_cpp_examples' returned '0': CMAKE_PREFIX_PATH=/opt/ros/humble /usr/bin/cmake --install /home/ksr/agv_ws/build/agv_cpp_examples
