-- Install configuration: ""
-- Up-to-date: /home/ksr/agv_ws/install/agv_description/share/agv_description/meshes
-- Up-to-date: /home/ksr/agv_ws/install/agv_description/share/agv_description/meshes/wheel_right_link.dae
-- Up-to-date: /home/ksr/agv_ws/install/agv_description/share/agv_description/meshes/base_link.dae
-- Up-to-date: /home/ksr/agv_ws/install/agv_description/share/agv_description/meshes/camera_link.dae
-- Up-to-date: /home/ksr/agv_ws/install/agv_description/share/agv_description/meshes/base_link.stl
-- Up-to-date: /home/ksr/agv_ws/install/agv_description/share/agv_description/meshes/wheel_left_link.dae
-- Up-to-date: /home/ksr/agv_ws/install/agv_description/share/agv_description/meshes/imu_link.dae
-- Up-to-date: /home/ksr/agv_ws/install/agv_description/share/agv_description/meshes/lidar_link.dae
-- Up-to-date: /home/ksr/agv_ws/install/agv_description/share/agv_description/meshes/caster_link.dae
-- Up-to-date: /home/ksr/agv_ws/install/agv_description/share/agv_description/urdf
-- Installing: /home/ksr/agv_ws/install/agv_description/share/agv_description/urdf/agv.urdf.xacro
-- Up-to-date: /home/ksr/agv_ws/install/agv_description/share/ament_index/resource_index/package_run_dependencies/agv_description
-- Up-to-date: /home/ksr/agv_ws/install/agv_description/share/ament_index/resource_index/parent_prefix_path/agv_description
-- Up-to-date: /home/ksr/agv_ws/install/agv_description/share/agv_description/environment/ament_prefix_path.sh
-- Up-to-date: /home/ksr/agv_ws/install/agv_description/share/agv_description/environment/ament_prefix_path.dsv
-- Up-to-date: /home/ksr/agv_ws/install/agv_description/share/agv_description/environment/path.sh
-- Up-to-date: /home/ksr/agv_ws/install/agv_description/share/agv_description/environment/path.dsv
-- Up-to-date: /home/ksr/agv_ws/install/agv_description/share/agv_description/local_setup.bash
-- Up-to-date: /home/ksr/agv_ws/install/agv_description/share/agv_description/local_setup.sh
-- Up-to-date: /home/ksr/agv_ws/install/agv_description/share/agv_description/local_setup.zsh
-- Up-to-date: /home/ksr/agv_ws/install/agv_description/share/agv_description/local_setup.dsv
-- Installing: /home/ksr/agv_ws/install/agv_description/share/agv_description/package.dsv
-- Up-to-date: /home/ksr/agv_ws/install/agv_description/share/ament_index/resource_index/packages/agv_description
-- Up-to-date: /home/ksr/agv_ws/install/agv_description/share/agv_description/cmake/agv_descriptionConfig.cmake
-- Up-to-date: /home/ksr/agv_ws/install/agv_description/share/agv_description/cmake/agv_descriptionConfig-version.cmake
-- Up-to-date: /home/ksr/agv_ws/install/agv_description/share/agv_description/package.xml
