[0.100s] DEBUG:colcon:Command line arguments: ['/usr/bin/colcon', 'build']
[0.100s] DEBUG:colcon:Parsed command line arguments: Namespace(log_base=None, log_level=None, verb_name='build', build_base='build', install_base='install', merge_install=False, symlink_install=False, test_result_base=None, continue_on_error=False, executor='parallel', parallel_workers=12, event_handlers=None, ignore_user_meta=False, metas=['./colcon.meta'], base_paths=['.'], packages_ignore=None, packages_ignore_regex=None, paths=None, packages_up_to=None, packages_up_to_regex=None, packages_above=None, packages_above_and_dependencies=None, packages_above_depth=None, packages_select_by_dep=None, packages_skip_by_dep=None, packages_skip_up_to=None, packages_select_build_failed=False, packages_skip_build_finished=False, packages_select_test_failures=False, packages_skip_test_passed=False, packages_select=None, packages_skip=None, packages_select_regex=None, packages_skip_regex=None, packages_start=None, packages_end=None, allow_overriding=[], cmake_args=None, cmake_target=None, cmake_target_skip_unavailable=False, cmake_clean_cache=False, cmake_clean_first=False, cmake_force_configure=False, ament_cmake_args=None, catkin_cmake_args=None, catkin_skip_building_tests=False, mixin_files=None, mixin=None, verb_parser=<colcon_mixin.mixin.mixin_argument.MixinArgumentDecorator object at 0x7bcdd4e62560>, verb_extension=<colcon_core.verb.build.BuildVerb object at 0x7bcdd4e61b70>, main=<bound method BuildVerb.main of <colcon_core.verb.build.BuildVerb object at 0x7bcdd4e61b70>>, mixin_verb=('build',))
[0.245s] Level 1:colcon.colcon_core.package_discovery:discover_packages(colcon_meta) check parameters
[0.245s] Level 1:colcon.colcon_core.package_discovery:discover_packages(recursive) check parameters
[0.245s] Level 1:colcon.colcon_core.package_discovery:discover_packages(ignore) check parameters
[0.245s] Level 1:colcon.colcon_core.package_discovery:discover_packages(path) check parameters
[0.245s] Level 1:colcon.colcon_core.package_discovery:discover_packages(colcon_meta) discover
[0.245s] Level 1:colcon.colcon_core.package_discovery:discover_packages(recursive) discover
[0.245s] INFO:colcon.colcon_core.package_discovery:Crawling recursively for packages in '/home/ksr/agv_ws'
[0.245s] Level 1:colcon.colcon_core.package_identification:_identify(.) by extensions ['ignore', 'ignore_ament_install']
[0.246s] Level 1:colcon.colcon_core.package_identification:_identify(.) by extension 'ignore'
[0.246s] Level 1:colcon.colcon_core.package_identification:_identify(.) by extension 'ignore_ament_install'
[0.246s] Level 1:colcon.colcon_core.package_identification:_identify(.) by extensions ['colcon_pkg']
[0.246s] Level 1:colcon.colcon_core.package_identification:_identify(.) by extension 'colcon_pkg'
[0.246s] Level 1:colcon.colcon_core.package_identification:_identify(.) by extensions ['colcon_meta']
[0.246s] Level 1:colcon.colcon_core.package_identification:_identify(.) by extension 'colcon_meta'
[0.246s] Level 1:colcon.colcon_core.package_identification:_identify(.) by extensions ['ros']
[0.246s] Level 1:colcon.colcon_core.package_identification:_identify(.) by extension 'ros'
[0.254s] Level 1:colcon.colcon_core.package_identification:_identify(.) by extensions ['cmake', 'python']
[0.254s] Level 1:colcon.colcon_core.package_identification:_identify(.) by extension 'cmake'
[0.254s] Level 1:colcon.colcon_core.package_identification:_identify(.) by extension 'python'
[0.254s] Level 1:colcon.colcon_core.package_identification:_identify(.) by extensions ['python_setup_py']
[0.254s] Level 1:colcon.colcon_core.package_identification:_identify(.) by extension 'python_setup_py'
[0.254s] Level 1:colcon.colcon_core.package_identification:_identify(build) by extensions ['ignore', 'ignore_ament_install']
[0.254s] Level 1:colcon.colcon_core.package_identification:_identify(build) by extension 'ignore'
[0.254s] Level 1:colcon.colcon_core.package_identification:_identify(build) ignored
[0.254s] Level 1:colcon.colcon_core.package_identification:_identify(install) by extensions ['ignore', 'ignore_ament_install']
[0.255s] Level 1:colcon.colcon_core.package_identification:_identify(install) by extension 'ignore'
[0.255s] Level 1:colcon.colcon_core.package_identification:_identify(install) ignored
[0.255s] Level 1:colcon.colcon_core.package_identification:_identify(log) by extensions ['ignore', 'ignore_ament_install']
[0.255s] Level 1:colcon.colcon_core.package_identification:_identify(log) by extension 'ignore'
[0.255s] Level 1:colcon.colcon_core.package_identification:_identify(log) ignored
[0.255s] Level 1:colcon.colcon_core.package_identification:_identify(src) by extensions ['ignore', 'ignore_ament_install']
[0.255s] Level 1:colcon.colcon_core.package_identification:_identify(src) by extension 'ignore'
[0.255s] Level 1:colcon.colcon_core.package_identification:_identify(src) by extension 'ignore_ament_install'
[0.255s] Level 1:colcon.colcon_core.package_identification:_identify(src) by extensions ['colcon_pkg']
[0.255s] Level 1:colcon.colcon_core.package_identification:_identify(src) by extension 'colcon_pkg'
[0.255s] Level 1:colcon.colcon_core.package_identification:_identify(src) by extensions ['colcon_meta']
[0.255s] Level 1:colcon.colcon_core.package_identification:_identify(src) by extension 'colcon_meta'
[0.255s] Level 1:colcon.colcon_core.package_identification:_identify(src) by extensions ['ros']
[0.255s] Level 1:colcon.colcon_core.package_identification:_identify(src) by extension 'ros'
[0.255s] Level 1:colcon.colcon_core.package_identification:_identify(src) by extensions ['cmake', 'python']
[0.255s] Level 1:colcon.colcon_core.package_identification:_identify(src) by extension 'cmake'
[0.255s] Level 1:colcon.colcon_core.package_identification:_identify(src) by extension 'python'
[0.255s] Level 1:colcon.colcon_core.package_identification:_identify(src) by extensions ['python_setup_py']
[0.255s] Level 1:colcon.colcon_core.package_identification:_identify(src) by extension 'python_setup_py'
[0.255s] Level 1:colcon.colcon_core.package_identification:_identify(src/agv_cpp_examples) by extensions ['ignore', 'ignore_ament_install']
[0.255s] Level 1:colcon.colcon_core.package_identification:_identify(src/agv_cpp_examples) by extension 'ignore'
[0.255s] Level 1:colcon.colcon_core.package_identification:_identify(src/agv_cpp_examples) by extension 'ignore_ament_install'
[0.255s] Level 1:colcon.colcon_core.package_identification:_identify(src/agv_cpp_examples) by extensions ['colcon_pkg']
[0.255s] Level 1:colcon.colcon_core.package_identification:_identify(src/agv_cpp_examples) by extension 'colcon_pkg'
[0.255s] Level 1:colcon.colcon_core.package_identification:_identify(src/agv_cpp_examples) by extensions ['colcon_meta']
[0.255s] Level 1:colcon.colcon_core.package_identification:_identify(src/agv_cpp_examples) by extension 'colcon_meta'
[0.255s] Level 1:colcon.colcon_core.package_identification:_identify(src/agv_cpp_examples) by extensions ['ros']
[0.255s] Level 1:colcon.colcon_core.package_identification:_identify(src/agv_cpp_examples) by extension 'ros'
[0.257s] DEBUG:colcon.colcon_core.package_identification:Package 'src/agv_cpp_examples' with type 'ros.ament_cmake' and name 'agv_cpp_examples'
[0.257s] Level 1:colcon.colcon_core.package_identification:_identify(src/agv_description) by extensions ['ignore', 'ignore_ament_install']
[0.257s] Level 1:colcon.colcon_core.package_identification:_identify(src/agv_description) by extension 'ignore'
[0.257s] Level 1:colcon.colcon_core.package_identification:_identify(src/agv_description) by extension 'ignore_ament_install'
[0.257s] Level 1:colcon.colcon_core.package_identification:_identify(src/agv_description) by extensions ['colcon_pkg']
[0.257s] Level 1:colcon.colcon_core.package_identification:_identify(src/agv_description) by extension 'colcon_pkg'
[0.257s] Level 1:colcon.colcon_core.package_identification:_identify(src/agv_description) by extensions ['colcon_meta']
[0.257s] Level 1:colcon.colcon_core.package_identification:_identify(src/agv_description) by extension 'colcon_meta'
[0.257s] Level 1:colcon.colcon_core.package_identification:_identify(src/agv_description) by extensions ['ros']
[0.257s] Level 1:colcon.colcon_core.package_identification:_identify(src/agv_description) by extension 'ros'
[0.258s] DEBUG:colcon.colcon_core.package_identification:Package 'src/agv_description' with type 'ros.ament_cmake' and name 'agv_description'
[0.258s] Level 1:colcon.colcon_core.package_identification:_identify(src/agv_py_examples) by extensions ['ignore', 'ignore_ament_install']
[0.258s] Level 1:colcon.colcon_core.package_identification:_identify(src/agv_py_examples) by extension 'ignore'
[0.258s] Level 1:colcon.colcon_core.package_identification:_identify(src/agv_py_examples) by extension 'ignore_ament_install'
[0.258s] Level 1:colcon.colcon_core.package_identification:_identify(src/agv_py_examples) by extensions ['colcon_pkg']
[0.258s] Level 1:colcon.colcon_core.package_identification:_identify(src/agv_py_examples) by extension 'colcon_pkg'
[0.258s] Level 1:colcon.colcon_core.package_identification:_identify(src/agv_py_examples) by extensions ['colcon_meta']
[0.258s] Level 1:colcon.colcon_core.package_identification:_identify(src/agv_py_examples) by extension 'colcon_meta'
[0.258s] Level 1:colcon.colcon_core.package_identification:_identify(src/agv_py_examples) by extensions ['ros']
[0.258s] Level 1:colcon.colcon_core.package_identification:_identify(src/agv_py_examples) by extension 'ros'
[0.259s] DEBUG:colcon.colcon_core.package_identification:Package 'src/agv_py_examples' with type 'ros.ament_python' and name 'agv_py_examples'
[0.259s] Level 1:colcon.colcon_core.package_discovery:discover_packages(recursive) using defaults
[0.259s] Level 1:colcon.colcon_core.package_discovery:discover_packages(ignore) discover
[0.259s] Level 1:colcon.colcon_core.package_discovery:discover_packages(ignore) using defaults
[0.259s] Level 1:colcon.colcon_core.package_discovery:discover_packages(path) discover
[0.259s] Level 1:colcon.colcon_core.package_discovery:discover_packages(path) using defaults
[0.281s] Level 1:colcon.colcon_core.package_discovery:discover_packages(prefix_path) check parameters
[0.281s] Level 1:colcon.colcon_core.package_discovery:discover_packages(prefix_path) discover
[0.283s] DEBUG:colcon.colcon_installed_package_information.package_discovery:Found 330 installed packages in /opt/ros/humble
[0.284s] Level 1:colcon.colcon_core.package_discovery:discover_packages(prefix_path) using defaults
[0.307s] Level 5:colcon.colcon_core.verb:set package 'agv_cpp_examples' build argument 'cmake_args' from command line to 'None'
[0.307s] Level 5:colcon.colcon_core.verb:set package 'agv_cpp_examples' build argument 'cmake_target' from command line to 'None'
[0.307s] Level 5:colcon.colcon_core.verb:set package 'agv_cpp_examples' build argument 'cmake_target_skip_unavailable' from command line to 'False'
[0.307s] Level 5:colcon.colcon_core.verb:set package 'agv_cpp_examples' build argument 'cmake_clean_cache' from command line to 'False'
[0.307s] Level 5:colcon.colcon_core.verb:set package 'agv_cpp_examples' build argument 'cmake_clean_first' from command line to 'False'
[0.307s] Level 5:colcon.colcon_core.verb:set package 'agv_cpp_examples' build argument 'cmake_force_configure' from command line to 'False'
[0.307s] Level 5:colcon.colcon_core.verb:set package 'agv_cpp_examples' build argument 'ament_cmake_args' from command line to 'None'
[0.307s] Level 5:colcon.colcon_core.verb:set package 'agv_cpp_examples' build argument 'catkin_cmake_args' from command line to 'None'
[0.307s] Level 5:colcon.colcon_core.verb:set package 'agv_cpp_examples' build argument 'catkin_skip_building_tests' from command line to 'False'
[0.307s] DEBUG:colcon.colcon_core.verb:Building package 'agv_cpp_examples' with the following arguments: {'ament_cmake_args': None, 'build_base': '/home/ksr/agv_ws/build/agv_cpp_examples', 'catkin_cmake_args': None, 'catkin_skip_building_tests': False, 'cmake_args': None, 'cmake_clean_cache': False, 'cmake_clean_first': False, 'cmake_force_configure': False, 'cmake_target': None, 'cmake_target_skip_unavailable': False, 'install_base': '/home/ksr/agv_ws/install/agv_cpp_examples', 'merge_install': False, 'path': '/home/ksr/agv_ws/src/agv_cpp_examples', 'symlink_install': False, 'test_result_base': None}
[0.307s] Level 5:colcon.colcon_core.verb:set package 'agv_description' build argument 'cmake_args' from command line to 'None'
[0.308s] Level 5:colcon.colcon_core.verb:set package 'agv_description' build argument 'cmake_target' from command line to 'None'
[0.308s] Level 5:colcon.colcon_core.verb:set package 'agv_description' build argument 'cmake_target_skip_unavailable' from command line to 'False'
[0.308s] Level 5:colcon.colcon_core.verb:set package 'agv_description' build argument 'cmake_clean_cache' from command line to 'False'
[0.308s] Level 5:colcon.colcon_core.verb:set package 'agv_description' build argument 'cmake_clean_first' from command line to 'False'
[0.308s] Level 5:colcon.colcon_core.verb:set package 'agv_description' build argument 'cmake_force_configure' from command line to 'False'
[0.308s] Level 5:colcon.colcon_core.verb:set package 'agv_description' build argument 'ament_cmake_args' from command line to 'None'
[0.308s] Level 5:colcon.colcon_core.verb:set package 'agv_description' build argument 'catkin_cmake_args' from command line to 'None'
[0.308s] Level 5:colcon.colcon_core.verb:set package 'agv_description' build argument 'catkin_skip_building_tests' from command line to 'False'
[0.308s] DEBUG:colcon.colcon_core.verb:Building package 'agv_description' with the following arguments: {'ament_cmake_args': None, 'build_base': '/home/ksr/agv_ws/build/agv_description', 'catkin_cmake_args': None, 'catkin_skip_building_tests': False, 'cmake_args': None, 'cmake_clean_cache': False, 'cmake_clean_first': False, 'cmake_force_configure': False, 'cmake_target': None, 'cmake_target_skip_unavailable': False, 'install_base': '/home/ksr/agv_ws/install/agv_description', 'merge_install': False, 'path': '/home/ksr/agv_ws/src/agv_description', 'symlink_install': False, 'test_result_base': None}
[0.308s] Level 5:colcon.colcon_core.verb:set package 'agv_py_examples' build argument 'cmake_args' from command line to 'None'
[0.308s] Level 5:colcon.colcon_core.verb:set package 'agv_py_examples' build argument 'cmake_target' from command line to 'None'
[0.308s] Level 5:colcon.colcon_core.verb:set package 'agv_py_examples' build argument 'cmake_target_skip_unavailable' from command line to 'False'
[0.308s] Level 5:colcon.colcon_core.verb:set package 'agv_py_examples' build argument 'cmake_clean_cache' from command line to 'False'
[0.308s] Level 5:colcon.colcon_core.verb:set package 'agv_py_examples' build argument 'cmake_clean_first' from command line to 'False'
[0.308s] Level 5:colcon.colcon_core.verb:set package 'agv_py_examples' build argument 'cmake_force_configure' from command line to 'False'
[0.308s] Level 5:colcon.colcon_core.verb:set package 'agv_py_examples' build argument 'ament_cmake_args' from command line to 'None'
[0.308s] Level 5:colcon.colcon_core.verb:set package 'agv_py_examples' build argument 'catkin_cmake_args' from command line to 'None'
[0.308s] Level 5:colcon.colcon_core.verb:set package 'agv_py_examples' build argument 'catkin_skip_building_tests' from command line to 'False'
[0.308s] DEBUG:colcon.colcon_core.verb:Building package 'agv_py_examples' with the following arguments: {'ament_cmake_args': None, 'build_base': '/home/ksr/agv_ws/build/agv_py_examples', 'catkin_cmake_args': None, 'catkin_skip_building_tests': False, 'cmake_args': None, 'cmake_clean_cache': False, 'cmake_clean_first': False, 'cmake_force_configure': False, 'cmake_target': None, 'cmake_target_skip_unavailable': False, 'install_base': '/home/ksr/agv_ws/install/agv_py_examples', 'merge_install': False, 'path': '/home/ksr/agv_ws/src/agv_py_examples', 'symlink_install': False, 'test_result_base': None}
[0.308s] INFO:colcon.colcon_core.executor:Executing jobs using 'parallel' executor
[0.309s] DEBUG:colcon.colcon_parallel_executor.executor.parallel:run_until_complete
[0.309s] INFO:colcon.colcon_ros.task.ament_cmake.build:Building ROS package in '/home/ksr/agv_ws/src/agv_cpp_examples' with build type 'ament_cmake'
[0.309s] INFO:colcon.colcon_cmake.task.cmake.build:Building CMake package in '/home/ksr/agv_ws/src/agv_cpp_examples'
[0.311s] INFO:colcon.colcon_core.plugin_system:Skipping extension 'colcon_core.shell.bat': Not used on non-Windows systems
[0.311s] INFO:colcon.colcon_core.shell:Skip shell extension 'powershell' for command environment: Not usable outside of PowerShell
[0.311s] DEBUG:colcon.colcon_core.shell:Skip shell extension 'dsv' for command environment
[0.313s] INFO:colcon.colcon_ros.task.ament_cmake.build:Building ROS package in '/home/ksr/agv_ws/src/agv_description' with build type 'ament_cmake'
[0.313s] INFO:colcon.colcon_cmake.task.cmake.build:Building CMake package in '/home/ksr/agv_ws/src/agv_description'
[0.313s] INFO:colcon.colcon_core.shell:Skip shell extension 'powershell' for command environment: Not usable outside of PowerShell
[0.313s] DEBUG:colcon.colcon_core.shell:Skip shell extension 'dsv' for command environment
[0.315s] INFO:colcon.colcon_ros.task.ament_python.build:Building ROS package in '/home/ksr/agv_ws/src/agv_py_examples' with build type 'ament_python'
[0.315s] Level 1:colcon.colcon_core.shell:create_environment_hook('agv_py_examples', 'ament_prefix_path')
[0.315s] INFO:colcon.colcon_core.shell:Creating environment hook '/home/ksr/agv_ws/install/agv_py_examples/share/agv_py_examples/hook/ament_prefix_path.ps1'
[0.316s] INFO:colcon.colcon_core.shell:Creating environment descriptor '/home/ksr/agv_ws/install/agv_py_examples/share/agv_py_examples/hook/ament_prefix_path.dsv'
[0.316s] INFO:colcon.colcon_core.shell:Creating environment hook '/home/ksr/agv_ws/install/agv_py_examples/share/agv_py_examples/hook/ament_prefix_path.sh'
[0.317s] INFO:colcon.colcon_core.shell:Skip shell extension 'powershell' for command environment: Not usable outside of PowerShell
[0.317s] DEBUG:colcon.colcon_core.shell:Skip shell extension 'dsv' for command environment
[0.321s] DEBUG:colcon.colcon_core.event_handler.log_command:Invoking command in '/home/ksr/agv_ws/build/agv_cpp_examples': CMAKE_PREFIX_PATH=/opt/ros/humble /usr/bin/cmake --build /home/ksr/agv_ws/build/agv_cpp_examples -- -j12 -l12
[0.324s] DEBUG:colcon.colcon_core.event_handler.log_command:Invoking command in '/home/ksr/agv_ws/build/agv_description': CMAKE_PREFIX_PATH=/opt/ros/humble /usr/bin/cmake --build /home/ksr/agv_ws/build/agv_description -- -j12 -l12
[0.472s] INFO:colcon.colcon_core.task.python.build:Building Python package in '/home/ksr/agv_ws/src/agv_py_examples'
[0.472s] INFO:colcon.colcon_core.shell:Skip shell extension 'powershell' for command environment: Not usable outside of PowerShell
[0.472s] DEBUG:colcon.colcon_core.shell:Skip shell extension 'dsv' for command environment
[0.475s] DEBUG:colcon.colcon_core.event_handler.log_command:Invoked command in '/home/ksr/agv_ws/build/agv_cpp_examples' returned '0': CMAKE_PREFIX_PATH=/opt/ros/humble /usr/bin/cmake --build /home/ksr/agv_ws/build/agv_cpp_examples -- -j12 -l12
[0.481s] DEBUG:colcon.colcon_core.event_handler.log_command:Invoking command in '/home/ksr/agv_ws/build/agv_cpp_examples': CMAKE_PREFIX_PATH=/opt/ros/humble /usr/bin/cmake --install /home/ksr/agv_ws/build/agv_cpp_examples
[0.487s] Level 1:colcon.colcon_core.environment:create_environment_scripts_only(agv_cpp_examples)
[0.487s] DEBUG:colcon.colcon_core.event_handler.log_command:Invoked command in '/home/ksr/agv_ws/build/agv_cpp_examples' returned '0': CMAKE_PREFIX_PATH=/opt/ros/humble /usr/bin/cmake --install /home/ksr/agv_ws/build/agv_cpp_examples
[0.491s] Level 1:colcon.colcon_core.environment:checking '/home/ksr/agv_ws/install/agv_cpp_examples' for CMake module files
[0.492s] Level 1:colcon.colcon_core.environment:checking '/home/ksr/agv_ws/install/agv_cpp_examples' for CMake config files
[0.493s] Level 1:colcon.colcon_core.shell:create_environment_hook('agv_cpp_examples', 'cmake_prefix_path')
[0.493s] INFO:colcon.colcon_core.shell:Creating environment hook '/home/ksr/agv_ws/install/agv_cpp_examples/share/agv_cpp_examples/hook/cmake_prefix_path.ps1'
[0.493s] INFO:colcon.colcon_core.shell:Creating environment descriptor '/home/ksr/agv_ws/install/agv_cpp_examples/share/agv_cpp_examples/hook/cmake_prefix_path.dsv'
[0.494s] INFO:colcon.colcon_core.shell:Creating environment hook '/home/ksr/agv_ws/install/agv_cpp_examples/share/agv_cpp_examples/hook/cmake_prefix_path.sh'
[0.494s] Level 1:colcon.colcon_core.environment:checking '/home/ksr/agv_ws/install/agv_cpp_examples/bin'
[0.494s] Level 1:colcon.colcon_core.environment:checking '/home/ksr/agv_ws/install/agv_cpp_examples/lib/pkgconfig/agv_cpp_examples.pc'
[0.494s] Level 1:colcon.colcon_core.environment:checking '/home/ksr/agv_ws/install/agv_cpp_examples/lib/python3.10/site-packages'
[0.495s] Level 1:colcon.colcon_core.environment:checking '/home/ksr/agv_ws/install/agv_cpp_examples/bin'
[0.495s] INFO:colcon.colcon_core.shell:Creating package script '/home/ksr/agv_ws/install/agv_cpp_examples/share/agv_cpp_examples/package.ps1'
[0.496s] INFO:colcon.colcon_core.shell:Creating package descriptor '/home/ksr/agv_ws/install/agv_cpp_examples/share/agv_cpp_examples/package.dsv'
[0.497s] INFO:colcon.colcon_core.shell:Creating package script '/home/ksr/agv_ws/install/agv_cpp_examples/share/agv_cpp_examples/package.sh'
[0.497s] INFO:colcon.colcon_core.shell:Creating package script '/home/ksr/agv_ws/install/agv_cpp_examples/share/agv_cpp_examples/package.bash'
[0.498s] INFO:colcon.colcon_core.shell:Creating package script '/home/ksr/agv_ws/install/agv_cpp_examples/share/agv_cpp_examples/package.zsh'
[0.499s] Level 1:colcon.colcon_core.environment:create_file_with_runtime_dependencies(/home/ksr/agv_ws/install/agv_cpp_examples/share/colcon-core/packages/agv_cpp_examples)
[0.499s] Level 1:colcon.colcon_core.environment:create_environment_scripts_only(agv_cpp_examples)
[0.500s] Level 1:colcon.colcon_core.environment:checking '/home/ksr/agv_ws/install/agv_cpp_examples' for CMake module files
[0.500s] Level 1:colcon.colcon_core.environment:checking '/home/ksr/agv_ws/install/agv_cpp_examples' for CMake config files
[0.500s] Level 1:colcon.colcon_core.shell:create_environment_hook('agv_cpp_examples', 'cmake_prefix_path')
[0.500s] INFO:colcon.colcon_core.shell:Creating environment hook '/home/ksr/agv_ws/install/agv_cpp_examples/share/agv_cpp_examples/hook/cmake_prefix_path.ps1'
[0.500s] INFO:colcon.colcon_core.shell:Creating environment descriptor '/home/ksr/agv_ws/install/agv_cpp_examples/share/agv_cpp_examples/hook/cmake_prefix_path.dsv'
[0.501s] INFO:colcon.colcon_core.shell:Creating environment hook '/home/ksr/agv_ws/install/agv_cpp_examples/share/agv_cpp_examples/hook/cmake_prefix_path.sh'
[0.501s] Level 1:colcon.colcon_core.environment:checking '/home/ksr/agv_ws/install/agv_cpp_examples/bin'
[0.501s] Level 1:colcon.colcon_core.environment:checking '/home/ksr/agv_ws/install/agv_cpp_examples/lib/pkgconfig/agv_cpp_examples.pc'
[0.501s] Level 1:colcon.colcon_core.environment:checking '/home/ksr/agv_ws/install/agv_cpp_examples/lib/python3.10/site-packages'
[0.501s] Level 1:colcon.colcon_core.environment:checking '/home/ksr/agv_ws/install/agv_cpp_examples/bin'
[0.502s] INFO:colcon.colcon_core.shell:Creating package script '/home/ksr/agv_ws/install/agv_cpp_examples/share/agv_cpp_examples/package.ps1'
[0.502s] INFO:colcon.colcon_core.shell:Creating package descriptor '/home/ksr/agv_ws/install/agv_cpp_examples/share/agv_cpp_examples/package.dsv'
[0.502s] INFO:colcon.colcon_core.shell:Creating package script '/home/ksr/agv_ws/install/agv_cpp_examples/share/agv_cpp_examples/package.sh'
[0.503s] INFO:colcon.colcon_core.shell:Creating package script '/home/ksr/agv_ws/install/agv_cpp_examples/share/agv_cpp_examples/package.bash'
[0.503s] INFO:colcon.colcon_core.shell:Creating package script '/home/ksr/agv_ws/install/agv_cpp_examples/share/agv_cpp_examples/package.zsh'
[0.503s] Level 1:colcon.colcon_core.environment:create_file_with_runtime_dependencies(/home/ksr/agv_ws/install/agv_cpp_examples/share/colcon-core/packages/agv_cpp_examples)
[0.504s] DEBUG:colcon.colcon_core.event_handler.log_command:Invoked command in '/home/ksr/agv_ws/build/agv_description' returned '0': CMAKE_PREFIX_PATH=/opt/ros/humble /usr/bin/cmake --build /home/ksr/agv_ws/build/agv_description -- -j12 -l12
[0.505s] DEBUG:colcon.colcon_core.event_handler.log_command:Invoking command in '/home/ksr/agv_ws/build/agv_description': CMAKE_PREFIX_PATH=/opt/ros/humble /usr/bin/cmake --install /home/ksr/agv_ws/build/agv_description
[0.573s] Level 1:colcon.colcon_core.environment:create_environment_scripts_only(agv_description)
[0.573s] Level 1:colcon.colcon_core.environment:checking '/home/ksr/agv_ws/install/agv_description' for CMake module files
[0.574s] DEBUG:colcon.colcon_core.event_handler.log_command:Invoked command in '/home/ksr/agv_ws/build/agv_description' returned '0': CMAKE_PREFIX_PATH=/opt/ros/humble /usr/bin/cmake --install /home/ksr/agv_ws/build/agv_description
[0.574s] Level 1:colcon.colcon_core.environment:checking '/home/ksr/agv_ws/install/agv_description' for CMake config files
[0.575s] Level 1:colcon.colcon_core.shell:create_environment_hook('agv_description', 'cmake_prefix_path')
[0.575s] INFO:colcon.colcon_core.shell:Creating environment hook '/home/ksr/agv_ws/install/agv_description/share/agv_description/hook/cmake_prefix_path.ps1'
[0.575s] INFO:colcon.colcon_core.shell:Creating environment descriptor '/home/ksr/agv_ws/install/agv_description/share/agv_description/hook/cmake_prefix_path.dsv'
[0.575s] INFO:colcon.colcon_core.shell:Creating environment hook '/home/ksr/agv_ws/install/agv_description/share/agv_description/hook/cmake_prefix_path.sh'
[0.576s] Level 1:colcon.colcon_core.environment:checking '/home/ksr/agv_ws/install/agv_description/bin'
[0.576s] Level 1:colcon.colcon_core.environment:checking '/home/ksr/agv_ws/install/agv_description/lib/pkgconfig/agv_description.pc'
[0.576s] Level 1:colcon.colcon_core.environment:checking '/home/ksr/agv_ws/install/agv_description/lib/python3.10/site-packages'
[0.576s] Level 1:colcon.colcon_core.environment:checking '/home/ksr/agv_ws/install/agv_description/bin'
[0.576s] INFO:colcon.colcon_core.shell:Creating package script '/home/ksr/agv_ws/install/agv_description/share/agv_description/package.ps1'
[0.576s] INFO:colcon.colcon_core.shell:Creating package descriptor '/home/ksr/agv_ws/install/agv_description/share/agv_description/package.dsv'
[0.576s] INFO:colcon.colcon_core.shell:Creating package script '/home/ksr/agv_ws/install/agv_description/share/agv_description/package.sh'
[0.577s] INFO:colcon.colcon_core.shell:Creating package script '/home/ksr/agv_ws/install/agv_description/share/agv_description/package.bash'
[0.577s] INFO:colcon.colcon_core.shell:Creating package script '/home/ksr/agv_ws/install/agv_description/share/agv_description/package.zsh'
[0.577s] Level 1:colcon.colcon_core.environment:create_file_with_runtime_dependencies(/home/ksr/agv_ws/install/agv_description/share/colcon-core/packages/agv_description)
[0.577s] Level 1:colcon.colcon_core.environment:create_environment_scripts_only(agv_description)
[0.577s] Level 1:colcon.colcon_core.environment:checking '/home/ksr/agv_ws/install/agv_description' for CMake module files
[0.578s] Level 1:colcon.colcon_core.environment:checking '/home/ksr/agv_ws/install/agv_description' for CMake config files
[0.578s] Level 1:colcon.colcon_core.shell:create_environment_hook('agv_description', 'cmake_prefix_path')
[0.578s] INFO:colcon.colcon_core.shell:Creating environment hook '/home/ksr/agv_ws/install/agv_description/share/agv_description/hook/cmake_prefix_path.ps1'
[0.578s] INFO:colcon.colcon_core.shell:Creating environment descriptor '/home/ksr/agv_ws/install/agv_description/share/agv_description/hook/cmake_prefix_path.dsv'
[0.578s] INFO:colcon.colcon_core.shell:Creating environment hook '/home/ksr/agv_ws/install/agv_description/share/agv_description/hook/cmake_prefix_path.sh'
[0.579s] Level 1:colcon.colcon_core.environment:checking '/home/ksr/agv_ws/install/agv_description/bin'
[0.579s] Level 1:colcon.colcon_core.environment:checking '/home/ksr/agv_ws/install/agv_description/lib/pkgconfig/agv_description.pc'
[0.579s] Level 1:colcon.colcon_core.environment:checking '/home/ksr/agv_ws/install/agv_description/lib/python3.10/site-packages'
[0.579s] Level 1:colcon.colcon_core.environment:checking '/home/ksr/agv_ws/install/agv_description/bin'
[0.579s] INFO:colcon.colcon_core.shell:Creating package script '/home/ksr/agv_ws/install/agv_description/share/agv_description/package.ps1'
[0.579s] INFO:colcon.colcon_core.shell:Creating package descriptor '/home/ksr/agv_ws/install/agv_description/share/agv_description/package.dsv'
[0.580s] INFO:colcon.colcon_core.shell:Creating package script '/home/ksr/agv_ws/install/agv_description/share/agv_description/package.sh'
[0.580s] INFO:colcon.colcon_core.shell:Creating package script '/home/ksr/agv_ws/install/agv_description/share/agv_description/package.bash'
[0.580s] INFO:colcon.colcon_core.shell:Creating package script '/home/ksr/agv_ws/install/agv_description/share/agv_description/package.zsh'
[0.580s] Level 1:colcon.colcon_core.environment:create_file_with_runtime_dependencies(/home/ksr/agv_ws/install/agv_description/share/colcon-core/packages/agv_description)
[0.752s] DEBUG:colcon.colcon_core.event_handler.log_command:Invoking command in '/home/ksr/agv_ws/src/agv_py_examples': PYTHONPATH=/home/ksr/agv_ws/build/agv_py_examples/prefix_override:/usr/lib/python3/dist-packages/colcon_core/task/python/colcon_distutils_commands:/home/ksr/agv_ws/install/agv_py_examples/lib/python3.10/site-packages:${PYTHONPATH} /usr/bin/python3 -W ignore:setup.py install is deprecated -W ignore:easy_install command is deprecated setup.py egg_info --egg-base ../../build/agv_py_examples build --build-base /home/ksr/agv_ws/build/agv_py_examples/build install --record /home/ksr/agv_ws/build/agv_py_examples/install.log --single-version-externally-managed install_data
[0.916s] Level 1:colcon.colcon_core.environment:checking '/home/ksr/agv_ws/install/agv_py_examples' for CMake module files
[0.916s] DEBUG:colcon.colcon_core.event_handler.log_command:Invoked command in '/home/ksr/agv_ws/src/agv_py_examples' returned '0': PYTHONPATH=/home/ksr/agv_ws/build/agv_py_examples/prefix_override:/usr/lib/python3/dist-packages/colcon_core/task/python/colcon_distutils_commands:/home/ksr/agv_ws/install/agv_py_examples/lib/python3.10/site-packages:${PYTHONPATH} /usr/bin/python3 -W ignore:setup.py install is deprecated -W ignore:easy_install command is deprecated setup.py egg_info --egg-base ../../build/agv_py_examples build --build-base /home/ksr/agv_ws/build/agv_py_examples/build install --record /home/ksr/agv_ws/build/agv_py_examples/install.log --single-version-externally-managed install_data
[0.917s] Level 1:colcon.colcon_core.environment:checking '/home/ksr/agv_ws/install/agv_py_examples' for CMake config files
[0.918s] Level 1:colcon.colcon_core.environment:checking '/home/ksr/agv_ws/install/agv_py_examples/lib'
[0.918s] Level 1:colcon.colcon_core.environment:checking '/home/ksr/agv_ws/install/agv_py_examples/bin'
[0.918s] Level 1:colcon.colcon_core.environment:checking '/home/ksr/agv_ws/install/agv_py_examples/lib/pkgconfig/agv_py_examples.pc'
[0.918s] Level 1:colcon.colcon_core.environment:checking '/home/ksr/agv_ws/install/agv_py_examples/lib/python3.10/site-packages'
[0.918s] Level 1:colcon.colcon_core.shell:create_environment_hook('agv_py_examples', 'pythonpath')
[0.918s] INFO:colcon.colcon_core.shell:Creating environment hook '/home/ksr/agv_ws/install/agv_py_examples/share/agv_py_examples/hook/pythonpath.ps1'
[0.918s] INFO:colcon.colcon_core.shell:Creating environment descriptor '/home/ksr/agv_ws/install/agv_py_examples/share/agv_py_examples/hook/pythonpath.dsv'
[0.919s] INFO:colcon.colcon_core.shell:Creating environment hook '/home/ksr/agv_ws/install/agv_py_examples/share/agv_py_examples/hook/pythonpath.sh'
[0.919s] Level 1:colcon.colcon_core.environment:checking '/home/ksr/agv_ws/install/agv_py_examples/bin'
[0.919s] Level 1:colcon.colcon_core.environment:create_environment_scripts_only(agv_py_examples)
[0.919s] INFO:colcon.colcon_core.shell:Creating package script '/home/ksr/agv_ws/install/agv_py_examples/share/agv_py_examples/package.ps1'
[0.919s] INFO:colcon.colcon_core.shell:Creating package descriptor '/home/ksr/agv_ws/install/agv_py_examples/share/agv_py_examples/package.dsv'
[0.920s] INFO:colcon.colcon_core.shell:Creating package script '/home/ksr/agv_ws/install/agv_py_examples/share/agv_py_examples/package.sh'
[0.920s] INFO:colcon.colcon_core.shell:Creating package script '/home/ksr/agv_ws/install/agv_py_examples/share/agv_py_examples/package.bash'
[0.920s] INFO:colcon.colcon_core.shell:Creating package script '/home/ksr/agv_ws/install/agv_py_examples/share/agv_py_examples/package.zsh'
[0.920s] Level 1:colcon.colcon_core.environment:create_file_with_runtime_dependencies(/home/ksr/agv_ws/install/agv_py_examples/share/colcon-core/packages/agv_py_examples)
[0.920s] DEBUG:colcon.colcon_parallel_executor.executor.parallel:closing loop
[0.921s] DEBUG:colcon.colcon_parallel_executor.executor.parallel:loop closed
[0.921s] DEBUG:colcon.colcon_parallel_executor.executor.parallel:run_until_complete finished with '0'
[0.921s] DEBUG:colcon.colcon_core.event_reactor:joining thread
[0.926s] INFO:colcon.colcon_core.plugin_system:Skipping extension 'colcon_notification.desktop_notification.terminal_notifier': Not used on non-Darwin systems
[0.926s] INFO:colcon.colcon_core.plugin_system:Skipping extension 'colcon_notification.desktop_notification.win32': Not used on non-Windows systems
[0.926s] INFO:colcon.colcon_notification.desktop_notification:Sending desktop notification using 'notify2'
[0.946s] DEBUG:colcon.colcon_core.event_reactor:joined thread
[0.947s] INFO:colcon.colcon_core.shell:Creating prefix script '/home/ksr/agv_ws/install/local_setup.ps1'
[0.947s] INFO:colcon.colcon_core.shell:Creating prefix util module '/home/ksr/agv_ws/install/_local_setup_util_ps1.py'
[0.949s] INFO:colcon.colcon_core.shell:Creating prefix chain script '/home/ksr/agv_ws/install/setup.ps1'
[0.949s] INFO:colcon.colcon_core.shell:Creating prefix script '/home/ksr/agv_ws/install/local_setup.sh'
[0.950s] INFO:colcon.colcon_core.shell:Creating prefix util module '/home/ksr/agv_ws/install/_local_setup_util_sh.py'
[0.950s] INFO:colcon.colcon_core.shell:Creating prefix chain script '/home/ksr/agv_ws/install/setup.sh'
[0.951s] INFO:colcon.colcon_core.shell:Creating prefix script '/home/ksr/agv_ws/install/local_setup.bash'
[0.952s] INFO:colcon.colcon_core.shell:Creating prefix chain script '/home/ksr/agv_ws/install/setup.bash'
[0.952s] INFO:colcon.colcon_core.shell:Creating prefix script '/home/ksr/agv_ws/install/local_setup.zsh'
[0.953s] INFO:colcon.colcon_core.shell:Creating prefix chain script '/home/ksr/agv_ws/install/setup.zsh'
